Performing C SOURCE FILE Test CMAKE_HAVE_LIBC_PTHREAD failed with the following output:
Change Dir: /users/dewiy/soma-collector/build/CMakeFiles/CMakeTmp

Run Build Command(s):/usr/bin/gmake -f Makefile cmTC_e9432/fast && /usr/bin/gmake  -f CMakeFiles/cmTC_e9432.dir/build.make CMakeFiles/cmTC_e9432.dir/build
gmake[1]: Entering directory '/users/dewiy/soma-collector/build/CMakeFiles/CMakeTmp'
Building C object CMakeFiles/cmTC_e9432.dir/src.c.o
/appl/spack/v017/install-tree/gcc-8.5.0/gcc-9.4.0-nfm4wc/bin/gcc -DCMAKE_HAVE_LIBC_PTHREAD   -o CMakeFiles/cmTC_e9432.dir/src.c.o -c /users/dewiy/soma-collector/build/CMakeFiles/CMakeTmp/src.c
Linking C executable cmTC_e9432
/projappl/project_2006549/spack/opt/spack/linux-rhel8-x86_64_v3/gcc-9.4.0/cmake-3.24.3-3fzsk6ctkncfpyqx7gj6bpu4uowfaxkt/bin/cmake -E cmake_link_script CMakeFiles/cmTC_e9432.dir/link.txt --verbose=1
/appl/spack/v017/install-tree/gcc-8.5.0/gcc-9.4.0-nfm4wc/bin/gcc CMakeFiles/cmTC_e9432.dir/src.c.o -o cmTC_e9432 
/appl/spack/v017/install-tree////////////////////////////////////gcc-8.5.0/binutils-2.37-ed6z3n/bin/ld: CMakeFiles/cmTC_e9432.dir/src.c.o: in function `main':
src.c:(.text+0x2d): undefined reference to `pthread_create'
/appl/spack/v017/install-tree////////////////////////////////////gcc-8.5.0/binutils-2.37-ed6z3n/bin/ld: src.c:(.text+0x39): undefined reference to `pthread_detach'
/appl/spack/v017/install-tree////////////////////////////////////gcc-8.5.0/binutils-2.37-ed6z3n/bin/ld: src.c:(.text+0x45): undefined reference to `pthread_cancel'
/appl/spack/v017/install-tree////////////////////////////////////gcc-8.5.0/binutils-2.37-ed6z3n/bin/ld: src.c:(.text+0x56): undefined reference to `pthread_join'
collect2: error: ld returned 1 exit status
gmake[1]: *** [CMakeFiles/cmTC_e9432.dir/build.make:99: cmTC_e9432] Error 1
gmake[1]: Leaving directory '/users/dewiy/soma-collector/build/CMakeFiles/CMakeTmp'
gmake: *** [Makefile:127: cmTC_e9432/fast] Error 2


Source file was:
#include <pthread.h>

static void* test_func(void* data)
{
  return data;
}

int main(void)
{
  pthread_t thread;
  pthread_create(&thread, NULL, test_func, NULL);
  pthread_detach(thread);
  pthread_cancel(thread);
  pthread_join(thread, NULL);
  pthread_atfork(NULL, NULL, NULL);
  pthread_exit(NULL);

  return 0;
}

Determining if the function pthread_create exists in the pthreads failed with the following output:
Change Dir: /users/dewiy/soma-collector/build/CMakeFiles/CMakeTmp

Run Build Command(s):/usr/bin/gmake -f Makefile cmTC_4ff6e/fast && /usr/bin/gmake  -f CMakeFiles/cmTC_4ff6e.dir/build.make CMakeFiles/cmTC_4ff6e.dir/build
gmake[1]: Entering directory '/users/dewiy/soma-collector/build/CMakeFiles/CMakeTmp'
Building C object CMakeFiles/cmTC_4ff6e.dir/CheckFunctionExists.c.o
/appl/spack/v017/install-tree/gcc-8.5.0/gcc-9.4.0-nfm4wc/bin/gcc   -DCHECK_FUNCTION_EXISTS=pthread_create -o CMakeFiles/cmTC_4ff6e.dir/CheckFunctionExists.c.o -c /projappl/project_2006549/spack/opt/spack/linux-rhel8-x86_64_v3/gcc-9.4.0/cmake-3.24.3-3fzsk6ctkncfpyqx7gj6bpu4uowfaxkt/share/cmake-3.24/Modules/CheckFunctionExists.c
Linking C executable cmTC_4ff6e
/projappl/project_2006549/spack/opt/spack/linux-rhel8-x86_64_v3/gcc-9.4.0/cmake-3.24.3-3fzsk6ctkncfpyqx7gj6bpu4uowfaxkt/bin/cmake -E cmake_link_script CMakeFiles/cmTC_4ff6e.dir/link.txt --verbose=1
/appl/spack/v017/install-tree/gcc-8.5.0/gcc-9.4.0-nfm4wc/bin/gcc  -DCHECK_FUNCTION_EXISTS=pthread_create CMakeFiles/cmTC_4ff6e.dir/CheckFunctionExists.c.o -o cmTC_4ff6e  -lpthreads 
/appl/spack/v017/install-tree////////////////////////////////////gcc-8.5.0/binutils-2.37-ed6z3n/bin/ld: cannot find -lpthreads
collect2: error: ld returned 1 exit status
gmake[1]: *** [CMakeFiles/cmTC_4ff6e.dir/build.make:99: cmTC_4ff6e] Error 1
gmake[1]: Leaving directory '/users/dewiy/soma-collector/build/CMakeFiles/CMakeTmp'
gmake: *** [Makefile:127: cmTC_4ff6e/fast] Error 2



