The system is: Linux - 4.18.0-372.32.1.el8_6.x86_64 - x86_64
Compiling the CXX compiler identification source file "CMakeCXXCompilerId.cpp" succeeded.
Compiler: /appl/spack/v017/install-tree/gcc-8.5.0/gcc-11.2.0-zshp2k/bin/g++ 
Build flags: 
Id flags:  

The output was:
0


Compilation of the CXX compiler identification source "CMakeCXXCompilerId.cpp" produced "a.out"

The CXX compiler identification is GNU, found in "/users/dewiy/soma-collector/examples/lulesh-split/build/CMakeFiles/3.20.2/CompilerIdCXX/a.out"

Detecting CXX compiler ABI info compiled with the following output:
Change Dir: /users/dewiy/soma-collector/examples/lulesh-split/build/CMakeFiles/CMakeTmp

Run Build Command(s):/usr/bin/gmake -f Makefile cmTC_0d6ad/fast && /usr/bin/gmake  -f CMakeFiles/cmTC_0d6ad.dir/build.make CMakeFiles/cmTC_0d6ad.dir/build
gmake[1]: Entering directory '/users/dewiy/soma-collector/examples/lulesh-split/build/CMakeFiles/CMakeTmp'
Building CXX object CMakeFiles/cmTC_0d6ad.dir/CMakeCXXCompilerABI.cpp.o
/appl/spack/v017/install-tree/gcc-8.5.0/gcc-11.2.0-zshp2k/bin/g++   -v -o CMakeFiles/cmTC_0d6ad.dir/CMakeCXXCompilerABI.cpp.o -c /usr/share/cmake/Modules/CMakeCXXCompilerABI.cpp
Reading specs from /appl/spack/v017/install-tree/gcc-8.5.0/gcc-11.2.0-zshp2k/bin/../lib/gcc/x86_64-pc-linux-gnu/11.2.0/specs
COLLECT_GCC=/appl/spack/v017/install-tree/gcc-8.5.0/gcc-11.2.0-zshp2k/bin/g++
Target: x86_64-pc-linux-gnu
Configured with: /local_scratch/build/spack-stage/ilvonens/spack-stage-gcc-11.2.0-zshp2ky5cbsonav6wkzaf5ynydi74k63/spack-src/configure --prefix=/appl/spack/v017/install-tree/gcc-8.5.0/gcc-11.2.0-zshp2k/////////////////////////////////// --with-pkgversion='Spack GCC' --with-bugurl=https://github.com/spack/spack/issues --disable-multilib --enable-languages=c,c++,fortran,jit --disable-nls --with-system-zlib --with-zstd-include=/appl/spack/v017/install-tree////////////////////////////////////gcc-8.5.0/zstd-1.5.0-x7sflo/include --with-zstd-lib=/appl/spack/v017/install-tree////////////////////////////////////gcc-8.5.0/zstd-1.5.0-x7sflo/lib --enable-host-shared --with-gnu-ld --with-ld=/appl/spack/v017/install-tree////////////////////////////////////gcc-8.5.0/binutils-2.37-ed6z3n/bin/ld --with-gnu-as --with-as=/appl/spack/v017/install-tree////////////////////////////////////gcc-8.5.0/binutils-2.37-ed6z3n/bin/as --disable-bootstrap --with-mpfr-include=/appl/spack/v017/install-tree////////////////////////////////////gcc-8.5.0/mpfr-4.1.0-xndjlr/include --with-mpfr-lib=/appl/spack/v017/install-tree////////////////////////////////////gcc-8.5.0/mpfr-4.1.0-xndjlr/lib --with-gmp-include=/appl/spack/v017/install-tree////////////////////////////////////gcc-8.5.0/gmp-6.2.1-ghqnwm/include --with-gmp-lib=/appl/spack/v017/install-tree////////////////////////////////////gcc-8.5.0/gmp-6.2.1-ghqnwm/lib --with-mpc-include=/appl/spack/v017/install-tree////////////////////////////////////gcc-8.5.0/mpc-1.1.0-rqcddw/include --with-mpc-lib=/appl/spack/v017/install-tree////////////////////////////////////gcc-8.5.0/mpc-1.1.0-rqcddw/lib --with-isl-include=/appl/spack/v017/install-tree////////////////////////////////////gcc-8.5.0/isl-0.21-4fz2am/include --with-isl-lib=/appl/spack/v017/install-tree////////////////////////////////////gcc-8.5.0/isl-0.21-4fz2am/lib --with-stage1-ldflags='-Wl,-rpath,/appl/spack/v017/install-tree/gcc-8.5.0/gcc-11.2.0-zshp2k////////////////////////////////////lib -Wl,-rpath,/appl/spack/v017/install-tree/gcc-8.5.0/gcc-11.2.0-zshp2k////////////////////////////////////lib64 -Wl,-rpath,/appl/spack/v017/install-tree////////////////////////////////////gcc-8.5.0/binutils-2.37-ed6z3n/lib -Wl,-rpath,/appl/spack/v017/install-tree////////////////////////////////////gcc-8.5.0/gmp-6.2.1-ghqnwm/lib -Wl,-rpath,/appl/spack/v017/install-tree////////////////////////////////////gcc-8.5.0/isl-0.21-4fz2am/lib -Wl,-rpath,/appl/spack/v017/install-tree////////////////////////////////////gcc-8.5.0/mpc-1.1.0-rqcddw/lib -Wl,-rpath,/appl/spack/v017/install-tree////////////////////////////////////gcc-8.5.0/mpfr-4.1.0-xndjlr/lib -Wl,-rpath,/appl/spack/v017/install-tree////////////////////////////////////gcc-8.5.0/zlib-1.2.11-kpj7ph/lib -Wl,-rpath,/appl/spack/v017/install-tree////////////////////////////////////gcc-8.5.0/zstd-1.5.0-x7sflo/lib' --with-boot-ldflags='-Wl,-rpath,/appl/spack/v017/install-tree/gcc-8.5.0/gcc-11.2.0-zshp2k////////////////////////////////////lib -Wl,-rpath,/appl/spack/v017/install-tree/gcc-8.5.0/gcc-11.2.0-zshp2k////////////////////////////////////lib64 -Wl,-rpath,/appl/spack/v017/install-tree////////////////////////////////////gcc-8.5.0/binutils-2.37-ed6z3n/lib -Wl,-rpath,/appl/spack/v017/install-tree////////////////////////////////////gcc-8.5.0/gmp-6.2.1-ghqnwm/lib -Wl,-rpath,/appl/spack/v017/install-tree////////////////////////////////////gcc-8.5.0/isl-0.21-4fz2am/lib -Wl,-rpath,/appl/spack/v017/install-tree////////////////////////////////////gcc-8.5.0/mpc-1.1.0-rqcddw/lib -Wl,-rpath,/appl/spack/v017/install-tree////////////////////////////////////gcc-8.5.0/mpfr-4.1.0-xndjlr/lib -Wl,-rpath,/appl/spack/v017/install-tree////////////////////////////////////gcc-8.5.0/zlib-1.2.11-kpj7ph/lib -Wl,-rpath,/appl/spack/v017/install-tree////////////////////////////////////gcc-8.5.0/zstd-1.5.0-x7sflo/lib -static-libstdc++ -static-libgcc'
Thread model: posix
Supported LTO compression algorithms: zlib zstd
gcc version 11.2.0 (Spack GCC) 
COLLECT_GCC_OPTIONS='-v' '-o' 'CMakeFiles/cmTC_0d6ad.dir/CMakeCXXCompilerABI.cpp.o' '-c' '-shared-libgcc' '-mtune=generic' '-march=x86-64' '-dumpdir' 'CMakeFiles/cmTC_0d6ad.dir/'
 /appl/spack/v017/install-tree/gcc-8.5.0/gcc-11.2.0-zshp2k/bin/../libexec/gcc/x86_64-pc-linux-gnu/11.2.0/cc1plus -quiet -v -iprefix /appl/spack/v017/install-tree/gcc-8.5.0/gcc-11.2.0-zshp2k/bin/../lib/gcc/x86_64-pc-linux-gnu/11.2.0/ -D_GNU_SOURCE /usr/share/cmake/Modules/CMakeCXXCompilerABI.cpp -quiet -dumpdir CMakeFiles/cmTC_0d6ad.dir/ -dumpbase CMakeCXXCompilerABI.cpp.cpp -dumpbase-ext .cpp -mtune=generic -march=x86-64 -version -o /local_scratch/dewiy/cc6DctBw.s
GNU C++17 (Spack GCC) version 11.2.0 (x86_64-pc-linux-gnu)
	compiled by GNU C version 8.5.0 20210514 (Red Hat 8.5.0-4), GMP version 6.2.1, MPFR version 4.1.0, MPC version 1.1.0, isl version isl-0.21-GMP

GGC heuristics: --param ggc-min-expand=100 --param ggc-min-heapsize=131072
ignoring nonexistent directory "/appl/spack/v017/install-tree/gcc-8.5.0/gcc-11.2.0-zshp2k/bin/../lib/gcc/x86_64-pc-linux-gnu/11.2.0/../../../../x86_64-pc-linux-gnu/include"
ignoring duplicate directory "/appl/spack/v017/install-tree/gcc-8.5.0/gcc-11.2.0-zshp2k/bin/../lib/gcc/../../lib/gcc/x86_64-pc-linux-gnu/11.2.0/../../../../include/c++/11.2.0"
ignoring duplicate directory "/appl/spack/v017/install-tree/gcc-8.5.0/gcc-11.2.0-zshp2k/bin/../lib/gcc/../../lib/gcc/x86_64-pc-linux-gnu/11.2.0/../../../../include/c++/11.2.0/x86_64-pc-linux-gnu"
ignoring duplicate directory "/appl/spack/v017/install-tree/gcc-8.5.0/gcc-11.2.0-zshp2k/bin/../lib/gcc/../../lib/gcc/x86_64-pc-linux-gnu/11.2.0/../../../../include/c++/11.2.0/backward"
ignoring duplicate directory "/appl/spack/v017/install-tree/gcc-8.5.0/gcc-11.2.0-zshp2k/bin/../lib/gcc/../../lib/gcc/x86_64-pc-linux-gnu/11.2.0/include"
ignoring duplicate directory "/appl/spack/v017/install-tree/gcc-8.5.0/gcc-11.2.0-zshp2k/bin/../lib/gcc/../../lib/gcc/x86_64-pc-linux-gnu/11.2.0/include-fixed"
ignoring nonexistent directory "/appl/spack/v017/install-tree/gcc-8.5.0/gcc-11.2.0-zshp2k/bin/../lib/gcc/../../lib/gcc/x86_64-pc-linux-gnu/11.2.0/../../../../x86_64-pc-linux-gnu/include"
ignoring duplicate directory "/appl/spack/v017/install-tree/gcc-8.5.0/gcc-11.2.0-zshp2k/include"
  as it is a non-system directory that duplicates a system directory
#include "..." search starts here:
#include <...> search starts here:
 /appl/spack/v017/install-tree/gcc-11.2.0/openblas-0.3.18-eb6g7n/include
 /appl/spack/v017/install-tree/gcc-11.2.0/openmpi-4.1.2-h6c3ze/include
 /appl/spack/v017/install-tree/gcc-8.5.0/gcc-11.2.0-zshp2k/bin/../lib/gcc/x86_64-pc-linux-gnu/11.2.0/../../../../include/c++/11.2.0
 /appl/spack/v017/install-tree/gcc-8.5.0/gcc-11.2.0-zshp2k/bin/../lib/gcc/x86_64-pc-linux-gnu/11.2.0/../../../../include/c++/11.2.0/x86_64-pc-linux-gnu
 /appl/spack/v017/install-tree/gcc-8.5.0/gcc-11.2.0-zshp2k/bin/../lib/gcc/x86_64-pc-linux-gnu/11.2.0/../../../../include/c++/11.2.0/backward
 /appl/spack/v017/install-tree/gcc-8.5.0/gcc-11.2.0-zshp2k/bin/../lib/gcc/x86_64-pc-linux-gnu/11.2.0/include
 /appl/spack/v017/install-tree/gcc-8.5.0/gcc-11.2.0-zshp2k/bin/../lib/gcc/x86_64-pc-linux-gnu/11.2.0/include-fixed
 /usr/local/include
 /appl/spack/v017/install-tree/gcc-8.5.0/gcc-11.2.0-zshp2k/bin/../lib/gcc/../../include
 /usr/include
End of search list.
GNU C++17 (Spack GCC) version 11.2.0 (x86_64-pc-linux-gnu)
	compiled by GNU C version 8.5.0 20210514 (Red Hat 8.5.0-4), GMP version 6.2.1, MPFR version 4.1.0, MPC version 1.1.0, isl version isl-0.21-GMP

GGC heuristics: --param ggc-min-expand=100 --param ggc-min-heapsize=131072
Compiler executable checksum: ad45225c21a7f1ebd3aad622bea1d16b
COLLECT_GCC_OPTIONS='-v' '-o' 'CMakeFiles/cmTC_0d6ad.dir/CMakeCXXCompilerABI.cpp.o' '-c' '-shared-libgcc' '-mtune=generic' '-march=x86-64' '-dumpdir' 'CMakeFiles/cmTC_0d6ad.dir/'
 /appl/spack/v017/install-tree////////////////////////////////////gcc-8.5.0/binutils-2.37-ed6z3n/bin/as -v --64 -o CMakeFiles/cmTC_0d6ad.dir/CMakeCXXCompilerABI.cpp.o /local_scratch/dewiy/cc6DctBw.s
GNU assembler version 2.37 (x86_64-pc-linux-gnu) using BFD version (GNU Binutils) 2.37
COMPILER_PATH=/appl/spack/v017/install-tree/gcc-8.5.0/gcc-11.2.0-zshp2k/bin/../libexec/gcc/x86_64-pc-linux-gnu/11.2.0/:/appl/spack/v017/install-tree/gcc-8.5.0/gcc-11.2.0-zshp2k/bin/../libexec/gcc/
LIBRARY_PATH=/appl/spack/v017/install-tree/gcc-8.5.0/gcc-11.2.0-zshp2k/bin/../lib/gcc/x86_64-pc-linux-gnu/11.2.0/:/appl/spack/v017/install-tree/gcc-8.5.0/gcc-11.2.0-zshp2k/bin/../lib/gcc/:/appl/spack/v017/install-tree/gcc-8.5.0/gcc-11.2.0-zshp2k/lib64/../lib64/:/appl/spack/v017/install-tree/gcc-8.5.0/gcc-11.2.0-zshp2k/lib/../lib64/:/appl/spack/v017/install-tree/gcc-8.5.0/gcc-11.2.0-zshp2k/bin/../lib/gcc/x86_64-pc-linux-gnu/11.2.0/../../../../lib64/:/lib/../lib64/:/usr/lib/../lib64/:/appl/spack/v017/install-tree/gcc-11.2.0/openblas-0.3.18-eb6g7n/lib/:/appl/spack/v017/install-tree/gcc-11.2.0/openmpi-4.1.2-h6c3ze/lib/:/appl/spack/v017/install-tree/gcc-8.5.0/gcc-11.2.0-zshp2k/lib64/:/appl/spack/v017/install-tree/gcc-8.5.0/gcc-11.2.0-zshp2k/lib/:/appl/spack/v017/install-tree/gcc-8.5.0/gcc-11.2.0-zshp2k/bin/../lib/gcc/x86_64-pc-linux-gnu/11.2.0/../../../:/lib/:/usr/lib/
COLLECT_GCC_OPTIONS='-v' '-o' 'CMakeFiles/cmTC_0d6ad.dir/CMakeCXXCompilerABI.cpp.o' '-c' '-shared-libgcc' '-mtune=generic' '-march=x86-64' '-dumpdir' 'CMakeFiles/cmTC_0d6ad.dir/CMakeCXXCompilerABI.cpp.'
Linking CXX executable cmTC_0d6ad
/usr/bin/cmake -E cmake_link_script CMakeFiles/cmTC_0d6ad.dir/link.txt --verbose=1
/appl/spack/v017/install-tree/gcc-8.5.0/gcc-11.2.0-zshp2k/bin/g++  -v -rdynamic CMakeFiles/cmTC_0d6ad.dir/CMakeCXXCompilerABI.cpp.o -o cmTC_0d6ad 
Reading specs from /appl/spack/v017/install-tree/gcc-8.5.0/gcc-11.2.0-zshp2k/bin/../lib/gcc/x86_64-pc-linux-gnu/11.2.0/specs
COLLECT_GCC=/appl/spack/v017/install-tree/gcc-8.5.0/gcc-11.2.0-zshp2k/bin/g++
COLLECT_LTO_WRAPPER=/appl/spack/v017/install-tree/gcc-8.5.0/gcc-11.2.0-zshp2k/bin/../libexec/gcc/x86_64-pc-linux-gnu/11.2.0/lto-wrapper
Target: x86_64-pc-linux-gnu
Configured with: /local_scratch/build/spack-stage/ilvonens/spack-stage-gcc-11.2.0-zshp2ky5cbsonav6wkzaf5ynydi74k63/spack-src/configure --prefix=/appl/spack/v017/install-tree/gcc-8.5.0/gcc-11.2.0-zshp2k/////////////////////////////////// --with-pkgversion='Spack GCC' --with-bugurl=https://github.com/spack/spack/issues --disable-multilib --enable-languages=c,c++,fortran,jit --disable-nls --with-system-zlib --with-zstd-include=/appl/spack/v017/install-tree////////////////////////////////////gcc-8.5.0/zstd-1.5.0-x7sflo/include --with-zstd-lib=/appl/spack/v017/install-tree////////////////////////////////////gcc-8.5.0/zstd-1.5.0-x7sflo/lib --enable-host-shared --with-gnu-ld --with-ld=/appl/spack/v017/install-tree////////////////////////////////////gcc-8.5.0/binutils-2.37-ed6z3n/bin/ld --with-gnu-as --with-as=/appl/spack/v017/install-tree////////////////////////////////////gcc-8.5.0/binutils-2.37-ed6z3n/bin/as --disable-bootstrap --with-mpfr-include=/appl/spack/v017/install-tree////////////////////////////////////gcc-8.5.0/mpfr-4.1.0-xndjlr/include --with-mpfr-lib=/appl/spack/v017/install-tree////////////////////////////////////gcc-8.5.0/mpfr-4.1.0-xndjlr/lib --with-gmp-include=/appl/spack/v017/install-tree////////////////////////////////////gcc-8.5.0/gmp-6.2.1-ghqnwm/include --with-gmp-lib=/appl/spack/v017/install-tree////////////////////////////////////gcc-8.5.0/gmp-6.2.1-ghqnwm/lib --with-mpc-include=/appl/spack/v017/install-tree////////////////////////////////////gcc-8.5.0/mpc-1.1.0-rqcddw/include --with-mpc-lib=/appl/spack/v017/install-tree////////////////////////////////////gcc-8.5.0/mpc-1.1.0-rqcddw/lib --with-isl-include=/appl/spack/v017/install-tree////////////////////////////////////gcc-8.5.0/isl-0.21-4fz2am/include --with-isl-lib=/appl/spack/v017/install-tree////////////////////////////////////gcc-8.5.0/isl-0.21-4fz2am/lib --with-stage1-ldflags='-Wl,-rpath,/appl/spack/v017/install-tree/gcc-8.5.0/gcc-11.2.0-zshp2k////////////////////////////////////lib -Wl,-rpath,/appl/spack/v017/install-tree/gcc-8.5.0/gcc-11.2.0-zshp2k////////////////////////////////////lib64 -Wl,-rpath,/appl/spack/v017/install-tree////////////////////////////////////gcc-8.5.0/binutils-2.37-ed6z3n/lib -Wl,-rpath,/appl/spack/v017/install-tree////////////////////////////////////gcc-8.5.0/gmp-6.2.1-ghqnwm/lib -Wl,-rpath,/appl/spack/v017/install-tree////////////////////////////////////gcc-8.5.0/isl-0.21-4fz2am/lib -Wl,-rpath,/appl/spack/v017/install-tree////////////////////////////////////gcc-8.5.0/mpc-1.1.0-rqcddw/lib -Wl,-rpath,/appl/spack/v017/install-tree////////////////////////////////////gcc-8.5.0/mpfr-4.1.0-xndjlr/lib -Wl,-rpath,/appl/spack/v017/install-tree////////////////////////////////////gcc-8.5.0/zlib-1.2.11-kpj7ph/lib -Wl,-rpath,/appl/spack/v017/install-tree////////////////////////////////////gcc-8.5.0/zstd-1.5.0-x7sflo/lib' --with-boot-ldflags='-Wl,-rpath,/appl/spack/v017/install-tree/gcc-8.5.0/gcc-11.2.0-zshp2k////////////////////////////////////lib -Wl,-rpath,/appl/spack/v017/install-tree/gcc-8.5.0/gcc-11.2.0-zshp2k////////////////////////////////////lib64 -Wl,-rpath,/appl/spack/v017/install-tree////////////////////////////////////gcc-8.5.0/binutils-2.37-ed6z3n/lib -Wl,-rpath,/appl/spack/v017/install-tree////////////////////////////////////gcc-8.5.0/gmp-6.2.1-ghqnwm/lib -Wl,-rpath,/appl/spack/v017/install-tree////////////////////////////////////gcc-8.5.0/isl-0.21-4fz2am/lib -Wl,-rpath,/appl/spack/v017/install-tree////////////////////////////////////gcc-8.5.0/mpc-1.1.0-rqcddw/lib -Wl,-rpath,/appl/spack/v017/install-tree////////////////////////////////////gcc-8.5.0/mpfr-4.1.0-xndjlr/lib -Wl,-rpath,/appl/spack/v017/install-tree////////////////////////////////////gcc-8.5.0/zlib-1.2.11-kpj7ph/lib -Wl,-rpath,/appl/spack/v017/install-tree////////////////////////////////////gcc-8.5.0/zstd-1.5.0-x7sflo/lib -static-libstdc++ -static-libgcc'
Thread model: posix
Supported LTO compression algorithms: zlib zstd
gcc version 11.2.0 (Spack GCC) 
COMPILER_PATH=/appl/spack/v017/install-tree/gcc-8.5.0/gcc-11.2.0-zshp2k/bin/../libexec/gcc/x86_64-pc-linux-gnu/11.2.0/:/appl/spack/v017/install-tree/gcc-8.5.0/gcc-11.2.0-zshp2k/bin/../libexec/gcc/
LIBRARY_PATH=/appl/spack/v017/install-tree/gcc-8.5.0/gcc-11.2.0-zshp2k/bin/../lib/gcc/x86_64-pc-linux-gnu/11.2.0/:/appl/spack/v017/install-tree/gcc-8.5.0/gcc-11.2.0-zshp2k/bin/../lib/gcc/:/appl/spack/v017/install-tree/gcc-8.5.0/gcc-11.2.0-zshp2k/lib64/../lib64/:/appl/spack/v017/install-tree/gcc-8.5.0/gcc-11.2.0-zshp2k/lib/../lib64/:/appl/spack/v017/install-tree/gcc-8.5.0/gcc-11.2.0-zshp2k/bin/../lib/gcc/x86_64-pc-linux-gnu/11.2.0/../../../../lib64/:/lib/../lib64/:/usr/lib/../lib64/:/appl/spack/v017/install-tree/gcc-11.2.0/openblas-0.3.18-eb6g7n/lib/:/appl/spack/v017/install-tree/gcc-11.2.0/openmpi-4.1.2-h6c3ze/lib/:/appl/spack/v017/install-tree/gcc-8.5.0/gcc-11.2.0-zshp2k/lib64/:/appl/spack/v017/install-tree/gcc-8.5.0/gcc-11.2.0-zshp2k/lib/:/appl/spack/v017/install-tree/gcc-8.5.0/gcc-11.2.0-zshp2k/bin/../lib/gcc/x86_64-pc-linux-gnu/11.2.0/../../../:/lib/:/usr/lib/
COLLECT_GCC_OPTIONS='-v' '-rdynamic' '-o' 'cmTC_0d6ad' '-shared-libgcc' '-mtune=generic' '-march=x86-64' '-dumpdir' 'cmTC_0d6ad.'
 /appl/spack/v017/install-tree/gcc-8.5.0/gcc-11.2.0-zshp2k/bin/../libexec/gcc/x86_64-pc-linux-gnu/11.2.0/collect2 -plugin /appl/spack/v017/install-tree/gcc-8.5.0/gcc-11.2.0-zshp2k/bin/../libexec/gcc/x86_64-pc-linux-gnu/11.2.0/liblto_plugin.so -plugin-opt=/appl/spack/v017/install-tree/gcc-8.5.0/gcc-11.2.0-zshp2k/bin/../libexec/gcc/x86_64-pc-linux-gnu/11.2.0/lto-wrapper -plugin-opt=-fresolution=/local_scratch/dewiy/ccO0TQoZ.res -plugin-opt=-pass-through=-lgcc_s -plugin-opt=-pass-through=-lgcc -plugin-opt=-pass-through=-lc -plugin-opt=-pass-through=-lgcc_s -plugin-opt=-pass-through=-lgcc --eh-frame-hdr -m elf_x86_64 -export-dynamic -dynamic-linker /lib64/ld-linux-x86-64.so.2 -o cmTC_0d6ad /lib/../lib64/crt1.o /lib/../lib64/crti.o /appl/spack/v017/install-tree/gcc-8.5.0/gcc-11.2.0-zshp2k/bin/../lib/gcc/x86_64-pc-linux-gnu/11.2.0/crtbegin.o -rpath /appl/spack/v017/install-tree/gcc-8.5.0/gcc-11.2.0-zshp2k/lib:/appl/spack/v017/install-tree/gcc-8.5.0/gcc-11.2.0-zshp2k/lib64 -L/appl/spack/v017/install-tree/gcc-8.5.0/gcc-11.2.0-zshp2k/bin/../lib/gcc/x86_64-pc-linux-gnu/11.2.0 -L/appl/spack/v017/install-tree/gcc-8.5.0/gcc-11.2.0-zshp2k/bin/../lib/gcc -L/appl/spack/v017/install-tree/gcc-8.5.0/gcc-11.2.0-zshp2k/lib64/../lib64 -L/appl/spack/v017/install-tree/gcc-8.5.0/gcc-11.2.0-zshp2k/lib/../lib64 -L/appl/spack/v017/install-tree/gcc-8.5.0/gcc-11.2.0-zshp2k/bin/../lib/gcc/x86_64-pc-linux-gnu/11.2.0/../../../../lib64 -L/lib/../lib64 -L/usr/lib/../lib64 -L/appl/spack/v017/install-tree/gcc-11.2.0/openblas-0.3.18-eb6g7n/lib -L/appl/spack/v017/install-tree/gcc-11.2.0/openmpi-4.1.2-h6c3ze/lib -L/appl/spack/v017/install-tree/gcc-8.5.0/gcc-11.2.0-zshp2k/lib64 -L/appl/spack/v017/install-tree/gcc-8.5.0/gcc-11.2.0-zshp2k/lib -L/appl/spack/v017/install-tree/gcc-8.5.0/gcc-11.2.0-zshp2k/bin/../lib/gcc/x86_64-pc-linux-gnu/11.2.0/../../.. CMakeFiles/cmTC_0d6ad.dir/CMakeCXXCompilerABI.cpp.o -lstdc++ -lm -lgcc_s -lgcc -lc -lgcc_s -lgcc /appl/spack/v017/install-tree/gcc-8.5.0/gcc-11.2.0-zshp2k/bin/../lib/gcc/x86_64-pc-linux-gnu/11.2.0/crtend.o /lib/../lib64/crtn.o
COLLECT_GCC_OPTIONS='-v' '-rdynamic' '-o' 'cmTC_0d6ad' '-shared-libgcc' '-mtune=generic' '-march=x86-64' '-dumpdir' 'cmTC_0d6ad.'
gmake[1]: Leaving directory '/users/dewiy/soma-collector/examples/lulesh-split/build/CMakeFiles/CMakeTmp'



Parsed CXX implicit include dir info from above output: rv=done
  found start of include info
  found start of implicit include info
    add: [/appl/spack/v017/install-tree/gcc-11.2.0/openblas-0.3.18-eb6g7n/include]
    add: [/appl/spack/v017/install-tree/gcc-11.2.0/openmpi-4.1.2-h6c3ze/include]
    add: [/appl/spack/v017/install-tree/gcc-8.5.0/gcc-11.2.0-zshp2k/bin/../lib/gcc/x86_64-pc-linux-gnu/11.2.0/../../../../include/c++/11.2.0]
    add: [/appl/spack/v017/install-tree/gcc-8.5.0/gcc-11.2.0-zshp2k/bin/../lib/gcc/x86_64-pc-linux-gnu/11.2.0/../../../../include/c++/11.2.0/x86_64-pc-linux-gnu]
    add: [/appl/spack/v017/install-tree/gcc-8.5.0/gcc-11.2.0-zshp2k/bin/../lib/gcc/x86_64-pc-linux-gnu/11.2.0/../../../../include/c++/11.2.0/backward]
    add: [/appl/spack/v017/install-tree/gcc-8.5.0/gcc-11.2.0-zshp2k/bin/../lib/gcc/x86_64-pc-linux-gnu/11.2.0/include]
    add: [/appl/spack/v017/install-tree/gcc-8.5.0/gcc-11.2.0-zshp2k/bin/../lib/gcc/x86_64-pc-linux-gnu/11.2.0/include-fixed]
    add: [/usr/local/include]
    add: [/appl/spack/v017/install-tree/gcc-8.5.0/gcc-11.2.0-zshp2k/bin/../lib/gcc/../../include]
    add: [/usr/include]
  end of search list found
  collapse include dir [/appl/spack/v017/install-tree/gcc-11.2.0/openblas-0.3.18-eb6g7n/include] ==> [/appl/spack/v017/install-tree/gcc-11.2.0/openblas-0.3.18-eb6g7n/include]
  collapse include dir [/appl/spack/v017/install-tree/gcc-11.2.0/openmpi-4.1.2-h6c3ze/include] ==> [/appl/spack/v017/install-tree/gcc-11.2.0/openmpi-4.1.2-h6c3ze/include]
  collapse include dir [/appl/spack/v017/install-tree/gcc-8.5.0/gcc-11.2.0-zshp2k/bin/../lib/gcc/x86_64-pc-linux-gnu/11.2.0/../../../../include/c++/11.2.0] ==> [/appl/spack/v017/install-tree/gcc-8.5.0/gcc-11.2.0-zshp2k/include/c++/11.2.0]
  collapse include dir [/appl/spack/v017/install-tree/gcc-8.5.0/gcc-11.2.0-zshp2k/bin/../lib/gcc/x86_64-pc-linux-gnu/11.2.0/../../../../include/c++/11.2.0/x86_64-pc-linux-gnu] ==> [/appl/spack/v017/install-tree/gcc-8.5.0/gcc-11.2.0-zshp2k/include/c++/11.2.0/x86_64-pc-linux-gnu]
  collapse include dir [/appl/spack/v017/install-tree/gcc-8.5.0/gcc-11.2.0-zshp2k/bin/../lib/gcc/x86_64-pc-linux-gnu/11.2.0/../../../../include/c++/11.2.0/backward] ==> [/appl/spack/v017/install-tree/gcc-8.5.0/gcc-11.2.0-zshp2k/include/c++/11.2.0/backward]
  collapse include dir [/appl/spack/v017/install-tree/gcc-8.5.0/gcc-11.2.0-zshp2k/bin/../lib/gcc/x86_64-pc-linux-gnu/11.2.0/include] ==> [/appl/spack/v017/install-tree/gcc-8.5.0/gcc-11.2.0-zshp2k/lib/gcc/x86_64-pc-linux-gnu/11.2.0/include]
  collapse include dir [/appl/spack/v017/install-tree/gcc-8.5.0/gcc-11.2.0-zshp2k/bin/../lib/gcc/x86_64-pc-linux-gnu/11.2.0/include-fixed] ==> [/appl/spack/v017/install-tree/gcc-8.5.0/gcc-11.2.0-zshp2k/lib/gcc/x86_64-pc-linux-gnu/11.2.0/include-fixed]
  collapse include dir [/usr/local/include] ==> [/usr/local/include]
  collapse include dir [/appl/spack/v017/install-tree/gcc-8.5.0/gcc-11.2.0-zshp2k/bin/../lib/gcc/../../include] ==> [/appl/spack/v017/install-tree/gcc-8.5.0/gcc-11.2.0-zshp2k/include]
  collapse include dir [/usr/include] ==> [/usr/include]
  implicit include dirs: [/appl/spack/v017/install-tree/gcc-11.2.0/openblas-0.3.18-eb6g7n/include;/appl/spack/v017/install-tree/gcc-11.2.0/openmpi-4.1.2-h6c3ze/include;/appl/spack/v017/install-tree/gcc-8.5.0/gcc-11.2.0-zshp2k/include/c++/11.2.0;/appl/spack/v017/install-tree/gcc-8.5.0/gcc-11.2.0-zshp2k/include/c++/11.2.0/x86_64-pc-linux-gnu;/appl/spack/v017/install-tree/gcc-8.5.0/gcc-11.2.0-zshp2k/include/c++/11.2.0/backward;/appl/spack/v017/install-tree/gcc-8.5.0/gcc-11.2.0-zshp2k/lib/gcc/x86_64-pc-linux-gnu/11.2.0/include;/appl/spack/v017/install-tree/gcc-8.5.0/gcc-11.2.0-zshp2k/lib/gcc/x86_64-pc-linux-gnu/11.2.0/include-fixed;/usr/local/include;/appl/spack/v017/install-tree/gcc-8.5.0/gcc-11.2.0-zshp2k/include;/usr/include]


Parsed CXX implicit link information from above output:
  link line regex: [^( *|.*[/\])(ld|CMAKE_LINK_STARTFILE-NOTFOUND|([^/\]+-)?ld|collect2)[^/\]*( |$)]
  ignore line: [Change Dir: /users/dewiy/soma-collector/examples/lulesh-split/build/CMakeFiles/CMakeTmp]
  ignore line: []
  ignore line: [Run Build Command(s):/usr/bin/gmake -f Makefile cmTC_0d6ad/fast && /usr/bin/gmake  -f CMakeFiles/cmTC_0d6ad.dir/build.make CMakeFiles/cmTC_0d6ad.dir/build]
  ignore line: [gmake[1]: Entering directory '/users/dewiy/soma-collector/examples/lulesh-split/build/CMakeFiles/CMakeTmp']
  ignore line: [Building CXX object CMakeFiles/cmTC_0d6ad.dir/CMakeCXXCompilerABI.cpp.o]
  ignore line: [/appl/spack/v017/install-tree/gcc-8.5.0/gcc-11.2.0-zshp2k/bin/g++   -v -o CMakeFiles/cmTC_0d6ad.dir/CMakeCXXCompilerABI.cpp.o -c /usr/share/cmake/Modules/CMakeCXXCompilerABI.cpp]
  ignore line: [Reading specs from /appl/spack/v017/install-tree/gcc-8.5.0/gcc-11.2.0-zshp2k/bin/../lib/gcc/x86_64-pc-linux-gnu/11.2.0/specs]
  ignore line: [COLLECT_GCC=/appl/spack/v017/install-tree/gcc-8.5.0/gcc-11.2.0-zshp2k/bin/g++]
  ignore line: [Target: x86_64-pc-linux-gnu]
  ignore line: [Configured with: /local_scratch/build/spack-stage/ilvonens/spack-stage-gcc-11.2.0-zshp2ky5cbsonav6wkzaf5ynydi74k63/spack-src/configure --prefix=/appl/spack/v017/install-tree/gcc-8.5.0/gcc-11.2.0-zshp2k/////////////////////////////////// --with-pkgversion='Spack GCC' --with-bugurl=https://github.com/spack/spack/issues --disable-multilib --enable-languages=c,c++,fortran,jit --disable-nls --with-system-zlib --with-zstd-include=/appl/spack/v017/install-tree////////////////////////////////////gcc-8.5.0/zstd-1.5.0-x7sflo/include --with-zstd-lib=/appl/spack/v017/install-tree////////////////////////////////////gcc-8.5.0/zstd-1.5.0-x7sflo/lib --enable-host-shared --with-gnu-ld --with-ld=/appl/spack/v017/install-tree////////////////////////////////////gcc-8.5.0/binutils-2.37-ed6z3n/bin/ld --with-gnu-as --with-as=/appl/spack/v017/install-tree////////////////////////////////////gcc-8.5.0/binutils-2.37-ed6z3n/bin/as --disable-bootstrap --with-mpfr-include=/appl/spack/v017/install-tree////////////////////////////////////gcc-8.5.0/mpfr-4.1.0-xndjlr/include --with-mpfr-lib=/appl/spack/v017/install-tree////////////////////////////////////gcc-8.5.0/mpfr-4.1.0-xndjlr/lib --with-gmp-include=/appl/spack/v017/install-tree////////////////////////////////////gcc-8.5.0/gmp-6.2.1-ghqnwm/include --with-gmp-lib=/appl/spack/v017/install-tree////////////////////////////////////gcc-8.5.0/gmp-6.2.1-ghqnwm/lib --with-mpc-include=/appl/spack/v017/install-tree////////////////////////////////////gcc-8.5.0/mpc-1.1.0-rqcddw/include --with-mpc-lib=/appl/spack/v017/install-tree////////////////////////////////////gcc-8.5.0/mpc-1.1.0-rqcddw/lib --with-isl-include=/appl/spack/v017/install-tree////////////////////////////////////gcc-8.5.0/isl-0.21-4fz2am/include --with-isl-lib=/appl/spack/v017/install-tree////////////////////////////////////gcc-8.5.0/isl-0.21-4fz2am/lib --with-stage1-ldflags='-Wl,-rpath,/appl/spack/v017/install-tree/gcc-8.5.0/gcc-11.2.0-zshp2k////////////////////////////////////lib -Wl,-rpath,/appl/spack/v017/install-tree/gcc-8.5.0/gcc-11.2.0-zshp2k////////////////////////////////////lib64 -Wl,-rpath,/appl/spack/v017/install-tree////////////////////////////////////gcc-8.5.0/binutils-2.37-ed6z3n/lib -Wl,-rpath,/appl/spack/v017/install-tree////////////////////////////////////gcc-8.5.0/gmp-6.2.1-ghqnwm/lib -Wl,-rpath,/appl/spack/v017/install-tree////////////////////////////////////gcc-8.5.0/isl-0.21-4fz2am/lib -Wl,-rpath,/appl/spack/v017/install-tree////////////////////////////////////gcc-8.5.0/mpc-1.1.0-rqcddw/lib -Wl,-rpath,/appl/spack/v017/install-tree////////////////////////////////////gcc-8.5.0/mpfr-4.1.0-xndjlr/lib -Wl,-rpath,/appl/spack/v017/install-tree////////////////////////////////////gcc-8.5.0/zlib-1.2.11-kpj7ph/lib -Wl,-rpath,/appl/spack/v017/install-tree////////////////////////////////////gcc-8.5.0/zstd-1.5.0-x7sflo/lib' --with-boot-ldflags='-Wl,-rpath,/appl/spack/v017/install-tree/gcc-8.5.0/gcc-11.2.0-zshp2k////////////////////////////////////lib -Wl,-rpath,/appl/spack/v017/install-tree/gcc-8.5.0/gcc-11.2.0-zshp2k////////////////////////////////////lib64 -Wl,-rpath,/appl/spack/v017/install-tree////////////////////////////////////gcc-8.5.0/binutils-2.37-ed6z3n/lib -Wl,-rpath,/appl/spack/v017/install-tree////////////////////////////////////gcc-8.5.0/gmp-6.2.1-ghqnwm/lib -Wl,-rpath,/appl/spack/v017/install-tree////////////////////////////////////gcc-8.5.0/isl-0.21-4fz2am/lib -Wl,-rpath,/appl/spack/v017/install-tree////////////////////////////////////gcc-8.5.0/mpc-1.1.0-rqcddw/lib -Wl,-rpath,/appl/spack/v017/install-tree////////////////////////////////////gcc-8.5.0/mpfr-4.1.0-xndjlr/lib -Wl,-rpath,/appl/spack/v017/install-tree////////////////////////////////////gcc-8.5.0/zlib-1.2.11-kpj7ph/lib -Wl,-rpath,/appl/spack/v017/install-tree////////////////////////////////////gcc-8.5.0/zstd-1.5.0-x7sflo/lib -static-libstdc++ -static-libgcc']
  ignore line: [Thread model: posix]
  ignore line: [Supported LTO compression algorithms: zlib zstd]
  ignore line: [gcc version 11.2.0 (Spack GCC) ]
  ignore line: [COLLECT_GCC_OPTIONS='-v' '-o' 'CMakeFiles/cmTC_0d6ad.dir/CMakeCXXCompilerABI.cpp.o' '-c' '-shared-libgcc' '-mtune=generic' '-march=x86-64' '-dumpdir' 'CMakeFiles/cmTC_0d6ad.dir/']
  ignore line: [ /appl/spack/v017/install-tree/gcc-8.5.0/gcc-11.2.0-zshp2k/bin/../libexec/gcc/x86_64-pc-linux-gnu/11.2.0/cc1plus -quiet -v -iprefix /appl/spack/v017/install-tree/gcc-8.5.0/gcc-11.2.0-zshp2k/bin/../lib/gcc/x86_64-pc-linux-gnu/11.2.0/ -D_GNU_SOURCE /usr/share/cmake/Modules/CMakeCXXCompilerABI.cpp -quiet -dumpdir CMakeFiles/cmTC_0d6ad.dir/ -dumpbase CMakeCXXCompilerABI.cpp.cpp -dumpbase-ext .cpp -mtune=generic -march=x86-64 -version -o /local_scratch/dewiy/cc6DctBw.s]
  ignore line: [GNU C++17 (Spack GCC) version 11.2.0 (x86_64-pc-linux-gnu)]
  ignore line: [	compiled by GNU C version 8.5.0 20210514 (Red Hat 8.5.0-4)  GMP version 6.2.1  MPFR version 4.1.0  MPC version 1.1.0  isl version isl-0.21-GMP]
  ignore line: []
  ignore line: [GGC heuristics: --param ggc-min-expand=100 --param ggc-min-heapsize=131072]
  ignore line: [ignoring nonexistent directory "/appl/spack/v017/install-tree/gcc-8.5.0/gcc-11.2.0-zshp2k/bin/../lib/gcc/x86_64-pc-linux-gnu/11.2.0/../../../../x86_64-pc-linux-gnu/include"]
  ignore line: [ignoring duplicate directory "/appl/spack/v017/install-tree/gcc-8.5.0/gcc-11.2.0-zshp2k/bin/../lib/gcc/../../lib/gcc/x86_64-pc-linux-gnu/11.2.0/../../../../include/c++/11.2.0"]
  ignore line: [ignoring duplicate directory "/appl/spack/v017/install-tree/gcc-8.5.0/gcc-11.2.0-zshp2k/bin/../lib/gcc/../../lib/gcc/x86_64-pc-linux-gnu/11.2.0/../../../../include/c++/11.2.0/x86_64-pc-linux-gnu"]
  ignore line: [ignoring duplicate directory "/appl/spack/v017/install-tree/gcc-8.5.0/gcc-11.2.0-zshp2k/bin/../lib/gcc/../../lib/gcc/x86_64-pc-linux-gnu/11.2.0/../../../../include/c++/11.2.0/backward"]
  ignore line: [ignoring duplicate directory "/appl/spack/v017/install-tree/gcc-8.5.0/gcc-11.2.0-zshp2k/bin/../lib/gcc/../../lib/gcc/x86_64-pc-linux-gnu/11.2.0/include"]
  ignore line: [ignoring duplicate directory "/appl/spack/v017/install-tree/gcc-8.5.0/gcc-11.2.0-zshp2k/bin/../lib/gcc/../../lib/gcc/x86_64-pc-linux-gnu/11.2.0/include-fixed"]
  ignore line: [ignoring nonexistent directory "/appl/spack/v017/install-tree/gcc-8.5.0/gcc-11.2.0-zshp2k/bin/../lib/gcc/../../lib/gcc/x86_64-pc-linux-gnu/11.2.0/../../../../x86_64-pc-linux-gnu/include"]
  ignore line: [ignoring duplicate directory "/appl/spack/v017/install-tree/gcc-8.5.0/gcc-11.2.0-zshp2k/include"]
  ignore line: [  as it is a non-system directory that duplicates a system directory]
  ignore line: [#include "..." search starts here:]
  ignore line: [#include <...> search starts here:]
  ignore line: [ /appl/spack/v017/install-tree/gcc-11.2.0/openblas-0.3.18-eb6g7n/include]
  ignore line: [ /appl/spack/v017/install-tree/gcc-11.2.0/openmpi-4.1.2-h6c3ze/include]
  ignore line: [ /appl/spack/v017/install-tree/gcc-8.5.0/gcc-11.2.0-zshp2k/bin/../lib/gcc/x86_64-pc-linux-gnu/11.2.0/../../../../include/c++/11.2.0]
  ignore line: [ /appl/spack/v017/install-tree/gcc-8.5.0/gcc-11.2.0-zshp2k/bin/../lib/gcc/x86_64-pc-linux-gnu/11.2.0/../../../../include/c++/11.2.0/x86_64-pc-linux-gnu]
  ignore line: [ /appl/spack/v017/install-tree/gcc-8.5.0/gcc-11.2.0-zshp2k/bin/../lib/gcc/x86_64-pc-linux-gnu/11.2.0/../../../../include/c++/11.2.0/backward]
  ignore line: [ /appl/spack/v017/install-tree/gcc-8.5.0/gcc-11.2.0-zshp2k/bin/../lib/gcc/x86_64-pc-linux-gnu/11.2.0/include]
  ignore line: [ /appl/spack/v017/install-tree/gcc-8.5.0/gcc-11.2.0-zshp2k/bin/../lib/gcc/x86_64-pc-linux-gnu/11.2.0/include-fixed]
  ignore line: [ /usr/local/include]
  ignore line: [ /appl/spack/v017/install-tree/gcc-8.5.0/gcc-11.2.0-zshp2k/bin/../lib/gcc/../../include]
  ignore line: [ /usr/include]
  ignore line: [End of search list.]
  ignore line: [GNU C++17 (Spack GCC) version 11.2.0 (x86_64-pc-linux-gnu)]
  ignore line: [	compiled by GNU C version 8.5.0 20210514 (Red Hat 8.5.0-4)  GMP version 6.2.1  MPFR version 4.1.0  MPC version 1.1.0  isl version isl-0.21-GMP]
  ignore line: []
  ignore line: [GGC heuristics: --param ggc-min-expand=100 --param ggc-min-heapsize=131072]
  ignore line: [Compiler executable checksum: ad45225c21a7f1ebd3aad622bea1d16b]
  ignore line: [COLLECT_GCC_OPTIONS='-v' '-o' 'CMakeFiles/cmTC_0d6ad.dir/CMakeCXXCompilerABI.cpp.o' '-c' '-shared-libgcc' '-mtune=generic' '-march=x86-64' '-dumpdir' 'CMakeFiles/cmTC_0d6ad.dir/']
  ignore line: [ /appl/spack/v017/install-tree////////////////////////////////////gcc-8.5.0/binutils-2.37-ed6z3n/bin/as -v --64 -o CMakeFiles/cmTC_0d6ad.dir/CMakeCXXCompilerABI.cpp.o /local_scratch/dewiy/cc6DctBw.s]
  ignore line: [GNU assembler version 2.37 (x86_64-pc-linux-gnu) using BFD version (GNU Binutils) 2.37]
  ignore line: [COMPILER_PATH=/appl/spack/v017/install-tree/gcc-8.5.0/gcc-11.2.0-zshp2k/bin/../libexec/gcc/x86_64-pc-linux-gnu/11.2.0/:/appl/spack/v017/install-tree/gcc-8.5.0/gcc-11.2.0-zshp2k/bin/../libexec/gcc/]
  ignore line: [LIBRARY_PATH=/appl/spack/v017/install-tree/gcc-8.5.0/gcc-11.2.0-zshp2k/bin/../lib/gcc/x86_64-pc-linux-gnu/11.2.0/:/appl/spack/v017/install-tree/gcc-8.5.0/gcc-11.2.0-zshp2k/bin/../lib/gcc/:/appl/spack/v017/install-tree/gcc-8.5.0/gcc-11.2.0-zshp2k/lib64/../lib64/:/appl/spack/v017/install-tree/gcc-8.5.0/gcc-11.2.0-zshp2k/lib/../lib64/:/appl/spack/v017/install-tree/gcc-8.5.0/gcc-11.2.0-zshp2k/bin/../lib/gcc/x86_64-pc-linux-gnu/11.2.0/../../../../lib64/:/lib/../lib64/:/usr/lib/../lib64/:/appl/spack/v017/install-tree/gcc-11.2.0/openblas-0.3.18-eb6g7n/lib/:/appl/spack/v017/install-tree/gcc-11.2.0/openmpi-4.1.2-h6c3ze/lib/:/appl/spack/v017/install-tree/gcc-8.5.0/gcc-11.2.0-zshp2k/lib64/:/appl/spack/v017/install-tree/gcc-8.5.0/gcc-11.2.0-zshp2k/lib/:/appl/spack/v017/install-tree/gcc-8.5.0/gcc-11.2.0-zshp2k/bin/../lib/gcc/x86_64-pc-linux-gnu/11.2.0/../../../:/lib/:/usr/lib/]
  ignore line: [COLLECT_GCC_OPTIONS='-v' '-o' 'CMakeFiles/cmTC_0d6ad.dir/CMakeCXXCompilerABI.cpp.o' '-c' '-shared-libgcc' '-mtune=generic' '-march=x86-64' '-dumpdir' 'CMakeFiles/cmTC_0d6ad.dir/CMakeCXXCompilerABI.cpp.']
  ignore line: [Linking CXX executable cmTC_0d6ad]
  ignore line: [/usr/bin/cmake -E cmake_link_script CMakeFiles/cmTC_0d6ad.dir/link.txt --verbose=1]
  ignore line: [/appl/spack/v017/install-tree/gcc-8.5.0/gcc-11.2.0-zshp2k/bin/g++  -v -rdynamic CMakeFiles/cmTC_0d6ad.dir/CMakeCXXCompilerABI.cpp.o -o cmTC_0d6ad ]
  ignore line: [Reading specs from /appl/spack/v017/install-tree/gcc-8.5.0/gcc-11.2.0-zshp2k/bin/../lib/gcc/x86_64-pc-linux-gnu/11.2.0/specs]
  ignore line: [COLLECT_GCC=/appl/spack/v017/install-tree/gcc-8.5.0/gcc-11.2.0-zshp2k/bin/g++]
  ignore line: [COLLECT_LTO_WRAPPER=/appl/spack/v017/install-tree/gcc-8.5.0/gcc-11.2.0-zshp2k/bin/../libexec/gcc/x86_64-pc-linux-gnu/11.2.0/lto-wrapper]
  ignore line: [Target: x86_64-pc-linux-gnu]
  ignore line: [Configured with: /local_scratch/build/spack-stage/ilvonens/spack-stage-gcc-11.2.0-zshp2ky5cbsonav6wkzaf5ynydi74k63/spack-src/configure --prefix=/appl/spack/v017/install-tree/gcc-8.5.0/gcc-11.2.0-zshp2k/////////////////////////////////// --with-pkgversion='Spack GCC' --with-bugurl=https://github.com/spack/spack/issues --disable-multilib --enable-languages=c,c++,fortran,jit --disable-nls --with-system-zlib --with-zstd-include=/appl/spack/v017/install-tree////////////////////////////////////gcc-8.5.0/zstd-1.5.0-x7sflo/include --with-zstd-lib=/appl/spack/v017/install-tree////////////////////////////////////gcc-8.5.0/zstd-1.5.0-x7sflo/lib --enable-host-shared --with-gnu-ld --with-ld=/appl/spack/v017/install-tree////////////////////////////////////gcc-8.5.0/binutils-2.37-ed6z3n/bin/ld --with-gnu-as --with-as=/appl/spack/v017/install-tree////////////////////////////////////gcc-8.5.0/binutils-2.37-ed6z3n/bin/as --disable-bootstrap --with-mpfr-include=/appl/spack/v017/install-tree////////////////////////////////////gcc-8.5.0/mpfr-4.1.0-xndjlr/include --with-mpfr-lib=/appl/spack/v017/install-tree////////////////////////////////////gcc-8.5.0/mpfr-4.1.0-xndjlr/lib --with-gmp-include=/appl/spack/v017/install-tree////////////////////////////////////gcc-8.5.0/gmp-6.2.1-ghqnwm/include --with-gmp-lib=/appl/spack/v017/install-tree////////////////////////////////////gcc-8.5.0/gmp-6.2.1-ghqnwm/lib --with-mpc-include=/appl/spack/v017/install-tree////////////////////////////////////gcc-8.5.0/mpc-1.1.0-rqcddw/include --with-mpc-lib=/appl/spack/v017/install-tree////////////////////////////////////gcc-8.5.0/mpc-1.1.0-rqcddw/lib --with-isl-include=/appl/spack/v017/install-tree////////////////////////////////////gcc-8.5.0/isl-0.21-4fz2am/include --with-isl-lib=/appl/spack/v017/install-tree////////////////////////////////////gcc-8.5.0/isl-0.21-4fz2am/lib --with-stage1-ldflags='-Wl,-rpath,/appl/spack/v017/install-tree/gcc-8.5.0/gcc-11.2.0-zshp2k////////////////////////////////////lib -Wl,-rpath,/appl/spack/v017/install-tree/gcc-8.5.0/gcc-11.2.0-zshp2k////////////////////////////////////lib64 -Wl,-rpath,/appl/spack/v017/install-tree////////////////////////////////////gcc-8.5.0/binutils-2.37-ed6z3n/lib -Wl,-rpath,/appl/spack/v017/install-tree////////////////////////////////////gcc-8.5.0/gmp-6.2.1-ghqnwm/lib -Wl,-rpath,/appl/spack/v017/install-tree////////////////////////////////////gcc-8.5.0/isl-0.21-4fz2am/lib -Wl,-rpath,/appl/spack/v017/install-tree////////////////////////////////////gcc-8.5.0/mpc-1.1.0-rqcddw/lib -Wl,-rpath,/appl/spack/v017/install-tree////////////////////////////////////gcc-8.5.0/mpfr-4.1.0-xndjlr/lib -Wl,-rpath,/appl/spack/v017/install-tree////////////////////////////////////gcc-8.5.0/zlib-1.2.11-kpj7ph/lib -Wl,-rpath,/appl/spack/v017/install-tree////////////////////////////////////gcc-8.5.0/zstd-1.5.0-x7sflo/lib' --with-boot-ldflags='-Wl,-rpath,/appl/spack/v017/install-tree/gcc-8.5.0/gcc-11.2.0-zshp2k////////////////////////////////////lib -Wl,-rpath,/appl/spack/v017/install-tree/gcc-8.5.0/gcc-11.2.0-zshp2k////////////////////////////////////lib64 -Wl,-rpath,/appl/spack/v017/install-tree////////////////////////////////////gcc-8.5.0/binutils-2.37-ed6z3n/lib -Wl,-rpath,/appl/spack/v017/install-tree////////////////////////////////////gcc-8.5.0/gmp-6.2.1-ghqnwm/lib -Wl,-rpath,/appl/spack/v017/install-tree////////////////////////////////////gcc-8.5.0/isl-0.21-4fz2am/lib -Wl,-rpath,/appl/spack/v017/install-tree////////////////////////////////////gcc-8.5.0/mpc-1.1.0-rqcddw/lib -Wl,-rpath,/appl/spack/v017/install-tree////////////////////////////////////gcc-8.5.0/mpfr-4.1.0-xndjlr/lib -Wl,-rpath,/appl/spack/v017/install-tree////////////////////////////////////gcc-8.5.0/zlib-1.2.11-kpj7ph/lib -Wl,-rpath,/appl/spack/v017/install-tree////////////////////////////////////gcc-8.5.0/zstd-1.5.0-x7sflo/lib -static-libstdc++ -static-libgcc']
  ignore line: [Thread model: posix]
  ignore line: [Supported LTO compression algorithms: zlib zstd]
  ignore line: [gcc version 11.2.0 (Spack GCC) ]
  ignore line: [COMPILER_PATH=/appl/spack/v017/install-tree/gcc-8.5.0/gcc-11.2.0-zshp2k/bin/../libexec/gcc/x86_64-pc-linux-gnu/11.2.0/:/appl/spack/v017/install-tree/gcc-8.5.0/gcc-11.2.0-zshp2k/bin/../libexec/gcc/]
  ignore line: [LIBRARY_PATH=/appl/spack/v017/install-tree/gcc-8.5.0/gcc-11.2.0-zshp2k/bin/../lib/gcc/x86_64-pc-linux-gnu/11.2.0/:/appl/spack/v017/install-tree/gcc-8.5.0/gcc-11.2.0-zshp2k/bin/../lib/gcc/:/appl/spack/v017/install-tree/gcc-8.5.0/gcc-11.2.0-zshp2k/lib64/../lib64/:/appl/spack/v017/install-tree/gcc-8.5.0/gcc-11.2.0-zshp2k/lib/../lib64/:/appl/spack/v017/install-tree/gcc-8.5.0/gcc-11.2.0-zshp2k/bin/../lib/gcc/x86_64-pc-linux-gnu/11.2.0/../../../../lib64/:/lib/../lib64/:/usr/lib/../lib64/:/appl/spack/v017/install-tree/gcc-11.2.0/openblas-0.3.18-eb6g7n/lib/:/appl/spack/v017/install-tree/gcc-11.2.0/openmpi-4.1.2-h6c3ze/lib/:/appl/spack/v017/install-tree/gcc-8.5.0/gcc-11.2.0-zshp2k/lib64/:/appl/spack/v017/install-tree/gcc-8.5.0/gcc-11.2.0-zshp2k/lib/:/appl/spack/v017/install-tree/gcc-8.5.0/gcc-11.2.0-zshp2k/bin/../lib/gcc/x86_64-pc-linux-gnu/11.2.0/../../../:/lib/:/usr/lib/]
  ignore line: [COLLECT_GCC_OPTIONS='-v' '-rdynamic' '-o' 'cmTC_0d6ad' '-shared-libgcc' '-mtune=generic' '-march=x86-64' '-dumpdir' 'cmTC_0d6ad.']
  link line: [ /appl/spack/v017/install-tree/gcc-8.5.0/gcc-11.2.0-zshp2k/bin/../libexec/gcc/x86_64-pc-linux-gnu/11.2.0/collect2 -plugin /appl/spack/v017/install-tree/gcc-8.5.0/gcc-11.2.0-zshp2k/bin/../libexec/gcc/x86_64-pc-linux-gnu/11.2.0/liblto_plugin.so -plugin-opt=/appl/spack/v017/install-tree/gcc-8.5.0/gcc-11.2.0-zshp2k/bin/../libexec/gcc/x86_64-pc-linux-gnu/11.2.0/lto-wrapper -plugin-opt=-fresolution=/local_scratch/dewiy/ccO0TQoZ.res -plugin-opt=-pass-through=-lgcc_s -plugin-opt=-pass-through=-lgcc -plugin-opt=-pass-through=-lc -plugin-opt=-pass-through=-lgcc_s -plugin-opt=-pass-through=-lgcc --eh-frame-hdr -m elf_x86_64 -export-dynamic -dynamic-linker /lib64/ld-linux-x86-64.so.2 -o cmTC_0d6ad /lib/../lib64/crt1.o /lib/../lib64/crti.o /appl/spack/v017/install-tree/gcc-8.5.0/gcc-11.2.0-zshp2k/bin/../lib/gcc/x86_64-pc-linux-gnu/11.2.0/crtbegin.o -rpath /appl/spack/v017/install-tree/gcc-8.5.0/gcc-11.2.0-zshp2k/lib:/appl/spack/v017/install-tree/gcc-8.5.0/gcc-11.2.0-zshp2k/lib64 -L/appl/spack/v017/install-tree/gcc-8.5.0/gcc-11.2.0-zshp2k/bin/../lib/gcc/x86_64-pc-linux-gnu/11.2.0 -L/appl/spack/v017/install-tree/gcc-8.5.0/gcc-11.2.0-zshp2k/bin/../lib/gcc -L/appl/spack/v017/install-tree/gcc-8.5.0/gcc-11.2.0-zshp2k/lib64/../lib64 -L/appl/spack/v017/install-tree/gcc-8.5.0/gcc-11.2.0-zshp2k/lib/../lib64 -L/appl/spack/v017/install-tree/gcc-8.5.0/gcc-11.2.0-zshp2k/bin/../lib/gcc/x86_64-pc-linux-gnu/11.2.0/../../../../lib64 -L/lib/../lib64 -L/usr/lib/../lib64 -L/appl/spack/v017/install-tree/gcc-11.2.0/openblas-0.3.18-eb6g7n/lib -L/appl/spack/v017/install-tree/gcc-11.2.0/openmpi-4.1.2-h6c3ze/lib -L/appl/spack/v017/install-tree/gcc-8.5.0/gcc-11.2.0-zshp2k/lib64 -L/appl/spack/v017/install-tree/gcc-8.5.0/gcc-11.2.0-zshp2k/lib -L/appl/spack/v017/install-tree/gcc-8.5.0/gcc-11.2.0-zshp2k/bin/../lib/gcc/x86_64-pc-linux-gnu/11.2.0/../../.. CMakeFiles/cmTC_0d6ad.dir/CMakeCXXCompilerABI.cpp.o -lstdc++ -lm -lgcc_s -lgcc -lc -lgcc_s -lgcc /appl/spack/v017/install-tree/gcc-8.5.0/gcc-11.2.0-zshp2k/bin/../lib/gcc/x86_64-pc-linux-gnu/11.2.0/crtend.o /lib/../lib64/crtn.o]
    arg [/appl/spack/v017/install-tree/gcc-8.5.0/gcc-11.2.0-zshp2k/bin/../libexec/gcc/x86_64-pc-linux-gnu/11.2.0/collect2] ==> ignore
    arg [-plugin] ==> ignore
    arg [/appl/spack/v017/install-tree/gcc-8.5.0/gcc-11.2.0-zshp2k/bin/../libexec/gcc/x86_64-pc-linux-gnu/11.2.0/liblto_plugin.so] ==> ignore
    arg [-plugin-opt=/appl/spack/v017/install-tree/gcc-8.5.0/gcc-11.2.0-zshp2k/bin/../libexec/gcc/x86_64-pc-linux-gnu/11.2.0/lto-wrapper] ==> ignore
    arg [-plugin-opt=-fresolution=/local_scratch/dewiy/ccO0TQoZ.res] ==> ignore
    arg [-plugin-opt=-pass-through=-lgcc_s] ==> ignore
    arg [-plugin-opt=-pass-through=-lgcc] ==> ignore
    arg [-plugin-opt=-pass-through=-lc] ==> ignore
    arg [-plugin-opt=-pass-through=-lgcc_s] ==> ignore
    arg [-plugin-opt=-pass-through=-lgcc] ==> ignore
    arg [--eh-frame-hdr] ==> ignore
    arg [-m] ==> ignore
    arg [elf_x86_64] ==> ignore
    arg [-export-dynamic] ==> ignore
    arg [-dynamic-linker] ==> ignore
    arg [/lib64/ld-linux-x86-64.so.2] ==> ignore
    arg [-o] ==> ignore
    arg [cmTC_0d6ad] ==> ignore
    arg [/lib/../lib64/crt1.o] ==> obj [/lib/../lib64/crt1.o]
    arg [/lib/../lib64/crti.o] ==> obj [/lib/../lib64/crti.o]
    arg [/appl/spack/v017/install-tree/gcc-8.5.0/gcc-11.2.0-zshp2k/bin/../lib/gcc/x86_64-pc-linux-gnu/11.2.0/crtbegin.o] ==> obj [/appl/spack/v017/install-tree/gcc-8.5.0/gcc-11.2.0-zshp2k/bin/../lib/gcc/x86_64-pc-linux-gnu/11.2.0/crtbegin.o]
    arg [-rpath] ==> ignore
    arg [/appl/spack/v017/install-tree/gcc-8.5.0/gcc-11.2.0-zshp2k/lib:/appl/spack/v017/install-tree/gcc-8.5.0/gcc-11.2.0-zshp2k/lib64] ==> ignore
    arg [-L/appl/spack/v017/install-tree/gcc-8.5.0/gcc-11.2.0-zshp2k/bin/../lib/gcc/x86_64-pc-linux-gnu/11.2.0] ==> dir [/appl/spack/v017/install-tree/gcc-8.5.0/gcc-11.2.0-zshp2k/bin/../lib/gcc/x86_64-pc-linux-gnu/11.2.0]
    arg [-L/appl/spack/v017/install-tree/gcc-8.5.0/gcc-11.2.0-zshp2k/bin/../lib/gcc] ==> dir [/appl/spack/v017/install-tree/gcc-8.5.0/gcc-11.2.0-zshp2k/bin/../lib/gcc]
    arg [-L/appl/spack/v017/install-tree/gcc-8.5.0/gcc-11.2.0-zshp2k/lib64/../lib64] ==> dir [/appl/spack/v017/install-tree/gcc-8.5.0/gcc-11.2.0-zshp2k/lib64/../lib64]
    arg [-L/appl/spack/v017/install-tree/gcc-8.5.0/gcc-11.2.0-zshp2k/lib/../lib64] ==> dir [/appl/spack/v017/install-tree/gcc-8.5.0/gcc-11.2.0-zshp2k/lib/../lib64]
    arg [-L/appl/spack/v017/install-tree/gcc-8.5.0/gcc-11.2.0-zshp2k/bin/../lib/gcc/x86_64-pc-linux-gnu/11.2.0/../../../../lib64] ==> dir [/appl/spack/v017/install-tree/gcc-8.5.0/gcc-11.2.0-zshp2k/bin/../lib/gcc/x86_64-pc-linux-gnu/11.2.0/../../../../lib64]
    arg [-L/lib/../lib64] ==> dir [/lib/../lib64]
    arg [-L/usr/lib/../lib64] ==> dir [/usr/lib/../lib64]
    arg [-L/appl/spack/v017/install-tree/gcc-11.2.0/openblas-0.3.18-eb6g7n/lib] ==> dir [/appl/spack/v017/install-tree/gcc-11.2.0/openblas-0.3.18-eb6g7n/lib]
    arg [-L/appl/spack/v017/install-tree/gcc-11.2.0/openmpi-4.1.2-h6c3ze/lib] ==> dir [/appl/spack/v017/install-tree/gcc-11.2.0/openmpi-4.1.2-h6c3ze/lib]
    arg [-L/appl/spack/v017/install-tree/gcc-8.5.0/gcc-11.2.0-zshp2k/lib64] ==> dir [/appl/spack/v017/install-tree/gcc-8.5.0/gcc-11.2.0-zshp2k/lib64]
    arg [-L/appl/spack/v017/install-tree/gcc-8.5.0/gcc-11.2.0-zshp2k/lib] ==> dir [/appl/spack/v017/install-tree/gcc-8.5.0/gcc-11.2.0-zshp2k/lib]
    arg [-L/appl/spack/v017/install-tree/gcc-8.5.0/gcc-11.2.0-zshp2k/bin/../lib/gcc/x86_64-pc-linux-gnu/11.2.0/../../..] ==> dir [/appl/spack/v017/install-tree/gcc-8.5.0/gcc-11.2.0-zshp2k/bin/../lib/gcc/x86_64-pc-linux-gnu/11.2.0/../../..]
    arg [CMakeFiles/cmTC_0d6ad.dir/CMakeCXXCompilerABI.cpp.o] ==> ignore
    arg [-lstdc++] ==> lib [stdc++]
    arg [-lm] ==> lib [m]
    arg [-lgcc_s] ==> lib [gcc_s]
    arg [-lgcc] ==> lib [gcc]
    arg [-lc] ==> lib [c]
    arg [-lgcc_s] ==> lib [gcc_s]
    arg [-lgcc] ==> lib [gcc]
    arg [/appl/spack/v017/install-tree/gcc-8.5.0/gcc-11.2.0-zshp2k/bin/../lib/gcc/x86_64-pc-linux-gnu/11.2.0/crtend.o] ==> obj [/appl/spack/v017/install-tree/gcc-8.5.0/gcc-11.2.0-zshp2k/bin/../lib/gcc/x86_64-pc-linux-gnu/11.2.0/crtend.o]
    arg [/lib/../lib64/crtn.o] ==> obj [/lib/../lib64/crtn.o]
  collapse obj [/lib/../lib64/crt1.o] ==> [/lib64/crt1.o]
  collapse obj [/lib/../lib64/crti.o] ==> [/lib64/crti.o]
  collapse obj [/appl/spack/v017/install-tree/gcc-8.5.0/gcc-11.2.0-zshp2k/bin/../lib/gcc/x86_64-pc-linux-gnu/11.2.0/crtbegin.o] ==> [/appl/spack/v017/install-tree/gcc-8.5.0/gcc-11.2.0-zshp2k/lib/gcc/x86_64-pc-linux-gnu/11.2.0/crtbegin.o]
  collapse obj [/appl/spack/v017/install-tree/gcc-8.5.0/gcc-11.2.0-zshp2k/bin/../lib/gcc/x86_64-pc-linux-gnu/11.2.0/crtend.o] ==> [/appl/spack/v017/install-tree/gcc-8.5.0/gcc-11.2.0-zshp2k/lib/gcc/x86_64-pc-linux-gnu/11.2.0/crtend.o]
  collapse obj [/lib/../lib64/crtn.o] ==> [/lib64/crtn.o]
  collapse library dir [/appl/spack/v017/install-tree/gcc-8.5.0/gcc-11.2.0-zshp2k/bin/../lib/gcc/x86_64-pc-linux-gnu/11.2.0] ==> [/appl/spack/v017/install-tree/gcc-8.5.0/gcc-11.2.0-zshp2k/lib/gcc/x86_64-pc-linux-gnu/11.2.0]
  collapse library dir [/appl/spack/v017/install-tree/gcc-8.5.0/gcc-11.2.0-zshp2k/bin/../lib/gcc] ==> [/appl/spack/v017/install-tree/gcc-8.5.0/gcc-11.2.0-zshp2k/lib/gcc]
  collapse library dir [/appl/spack/v017/install-tree/gcc-8.5.0/gcc-11.2.0-zshp2k/lib64/../lib64] ==> [/appl/spack/v017/install-tree/gcc-8.5.0/gcc-11.2.0-zshp2k/lib64]
  collapse library dir [/appl/spack/v017/install-tree/gcc-8.5.0/gcc-11.2.0-zshp2k/lib/../lib64] ==> [/appl/spack/v017/install-tree/gcc-8.5.0/gcc-11.2.0-zshp2k/lib64]
  collapse library dir [/appl/spack/v017/install-tree/gcc-8.5.0/gcc-11.2.0-zshp2k/bin/../lib/gcc/x86_64-pc-linux-gnu/11.2.0/../../../../lib64] ==> [/appl/spack/v017/install-tree/gcc-8.5.0/gcc-11.2.0-zshp2k/lib64]
  collapse library dir [/lib/../lib64] ==> [/lib64]
  collapse library dir [/usr/lib/../lib64] ==> [/usr/lib64]
  collapse library dir [/appl/spack/v017/install-tree/gcc-11.2.0/openblas-0.3.18-eb6g7n/lib] ==> [/appl/spack/v017/install-tree/gcc-11.2.0/openblas-0.3.18-eb6g7n/lib]
  collapse library dir [/appl/spack/v017/install-tree/gcc-11.2.0/openmpi-4.1.2-h6c3ze/lib] ==> [/appl/spack/v017/install-tree/gcc-11.2.0/openmpi-4.1.2-h6c3ze/lib]
  collapse library dir [/appl/spack/v017/install-tree/gcc-8.5.0/gcc-11.2.0-zshp2k/lib64] ==> [/appl/spack/v017/install-tree/gcc-8.5.0/gcc-11.2.0-zshp2k/lib64]
  collapse library dir [/appl/spack/v017/install-tree/gcc-8.5.0/gcc-11.2.0-zshp2k/lib] ==> [/appl/spack/v017/install-tree/gcc-8.5.0/gcc-11.2.0-zshp2k/lib]
  collapse library dir [/appl/spack/v017/install-tree/gcc-8.5.0/gcc-11.2.0-zshp2k/bin/../lib/gcc/x86_64-pc-linux-gnu/11.2.0/../../..] ==> [/appl/spack/v017/install-tree/gcc-8.5.0/gcc-11.2.0-zshp2k/lib]
  implicit libs: [stdc++;m;gcc_s;gcc;c;gcc_s;gcc]
  implicit objs: [/lib64/crt1.o;/lib64/crti.o;/appl/spack/v017/install-tree/gcc-8.5.0/gcc-11.2.0-zshp2k/lib/gcc/x86_64-pc-linux-gnu/11.2.0/crtbegin.o;/appl/spack/v017/install-tree/gcc-8.5.0/gcc-11.2.0-zshp2k/lib/gcc/x86_64-pc-linux-gnu/11.2.0/crtend.o;/lib64/crtn.o]
  implicit dirs: [/appl/spack/v017/install-tree/gcc-8.5.0/gcc-11.2.0-zshp2k/lib/gcc/x86_64-pc-linux-gnu/11.2.0;/appl/spack/v017/install-tree/gcc-8.5.0/gcc-11.2.0-zshp2k/lib/gcc;/appl/spack/v017/install-tree/gcc-8.5.0/gcc-11.2.0-zshp2k/lib64;/lib64;/usr/lib64;/appl/spack/v017/install-tree/gcc-11.2.0/openblas-0.3.18-eb6g7n/lib;/appl/spack/v017/install-tree/gcc-11.2.0/openmpi-4.1.2-h6c3ze/lib;/appl/spack/v017/install-tree/gcc-8.5.0/gcc-11.2.0-zshp2k/lib]
  implicit fwks: []


Detecting CXX OpenMP compiler ABI info compiled with the following output:
Change Dir: /users/dewiy/soma-collector/examples/lulesh-split/build/CMakeFiles/CMakeTmp

Run Build Command(s):/usr/bin/gmake -f Makefile cmTC_b55eb/fast && /usr/bin/gmake  -f CMakeFiles/cmTC_b55eb.dir/build.make CMakeFiles/cmTC_b55eb.dir/build
gmake[1]: Entering directory '/users/dewiy/soma-collector/examples/lulesh-split/build/CMakeFiles/CMakeTmp'
Building CXX object CMakeFiles/cmTC_b55eb.dir/OpenMPTryFlag.cpp.o
/appl/spack/v017/install-tree/gcc-8.5.0/gcc-11.2.0-zshp2k/bin/g++   -fopenmp -v -o CMakeFiles/cmTC_b55eb.dir/OpenMPTryFlag.cpp.o -c /users/dewiy/soma-collector/examples/lulesh-split/build/CMakeFiles/FindOpenMP/OpenMPTryFlag.cpp
Reading specs from /appl/spack/v017/install-tree/gcc-8.5.0/gcc-11.2.0-zshp2k/bin/../lib/gcc/x86_64-pc-linux-gnu/11.2.0/specs
COLLECT_GCC=/appl/spack/v017/install-tree/gcc-8.5.0/gcc-11.2.0-zshp2k/bin/g++
Target: x86_64-pc-linux-gnu
Configured with: /local_scratch/build/spack-stage/ilvonens/spack-stage-gcc-11.2.0-zshp2ky5cbsonav6wkzaf5ynydi74k63/spack-src/configure --prefix=/appl/spack/v017/install-tree/gcc-8.5.0/gcc-11.2.0-zshp2k/////////////////////////////////// --with-pkgversion='Spack GCC' --with-bugurl=https://github.com/spack/spack/issues --disable-multilib --enable-languages=c,c++,fortran,jit --disable-nls --with-system-zlib --with-zstd-include=/appl/spack/v017/install-tree////////////////////////////////////gcc-8.5.0/zstd-1.5.0-x7sflo/include --with-zstd-lib=/appl/spack/v017/install-tree////////////////////////////////////gcc-8.5.0/zstd-1.5.0-x7sflo/lib --enable-host-shared --with-gnu-ld --with-ld=/appl/spack/v017/install-tree////////////////////////////////////gcc-8.5.0/binutils-2.37-ed6z3n/bin/ld --with-gnu-as --with-as=/appl/spack/v017/install-tree////////////////////////////////////gcc-8.5.0/binutils-2.37-ed6z3n/bin/as --disable-bootstrap --with-mpfr-include=/appl/spack/v017/install-tree////////////////////////////////////gcc-8.5.0/mpfr-4.1.0-xndjlr/include --with-mpfr-lib=/appl/spack/v017/install-tree////////////////////////////////////gcc-8.5.0/mpfr-4.1.0-xndjlr/lib --with-gmp-include=/appl/spack/v017/install-tree////////////////////////////////////gcc-8.5.0/gmp-6.2.1-ghqnwm/include --with-gmp-lib=/appl/spack/v017/install-tree////////////////////////////////////gcc-8.5.0/gmp-6.2.1-ghqnwm/lib --with-mpc-include=/appl/spack/v017/install-tree////////////////////////////////////gcc-8.5.0/mpc-1.1.0-rqcddw/include --with-mpc-lib=/appl/spack/v017/install-tree////////////////////////////////////gcc-8.5.0/mpc-1.1.0-rqcddw/lib --with-isl-include=/appl/spack/v017/install-tree////////////////////////////////////gcc-8.5.0/isl-0.21-4fz2am/include --with-isl-lib=/appl/spack/v017/install-tree////////////////////////////////////gcc-8.5.0/isl-0.21-4fz2am/lib --with-stage1-ldflags='-Wl,-rpath,/appl/spack/v017/install-tree/gcc-8.5.0/gcc-11.2.0-zshp2k////////////////////////////////////lib -Wl,-rpath,/appl/spack/v017/install-tree/gcc-8.5.0/gcc-11.2.0-zshp2k////////////////////////////////////lib64 -Wl,-rpath,/appl/spack/v017/install-tree////////////////////////////////////gcc-8.5.0/binutils-2.37-ed6z3n/lib -Wl,-rpath,/appl/spack/v017/install-tree////////////////////////////////////gcc-8.5.0/gmp-6.2.1-ghqnwm/lib -Wl,-rpath,/appl/spack/v017/install-tree////////////////////////////////////gcc-8.5.0/isl-0.21-4fz2am/lib -Wl,-rpath,/appl/spack/v017/install-tree////////////////////////////////////gcc-8.5.0/mpc-1.1.0-rqcddw/lib -Wl,-rpath,/appl/spack/v017/install-tree////////////////////////////////////gcc-8.5.0/mpfr-4.1.0-xndjlr/lib -Wl,-rpath,/appl/spack/v017/install-tree////////////////////////////////////gcc-8.5.0/zlib-1.2.11-kpj7ph/lib -Wl,-rpath,/appl/spack/v017/install-tree////////////////////////////////////gcc-8.5.0/zstd-1.5.0-x7sflo/lib' --with-boot-ldflags='-Wl,-rpath,/appl/spack/v017/install-tree/gcc-8.5.0/gcc-11.2.0-zshp2k////////////////////////////////////lib -Wl,-rpath,/appl/spack/v017/install-tree/gcc-8.5.0/gcc-11.2.0-zshp2k////////////////////////////////////lib64 -Wl,-rpath,/appl/spack/v017/install-tree////////////////////////////////////gcc-8.5.0/binutils-2.37-ed6z3n/lib -Wl,-rpath,/appl/spack/v017/install-tree////////////////////////////////////gcc-8.5.0/gmp-6.2.1-ghqnwm/lib -Wl,-rpath,/appl/spack/v017/install-tree////////////////////////////////////gcc-8.5.0/isl-0.21-4fz2am/lib -Wl,-rpath,/appl/spack/v017/install-tree////////////////////////////////////gcc-8.5.0/mpc-1.1.0-rqcddw/lib -Wl,-rpath,/appl/spack/v017/install-tree////////////////////////////////////gcc-8.5.0/mpfr-4.1.0-xndjlr/lib -Wl,-rpath,/appl/spack/v017/install-tree////////////////////////////////////gcc-8.5.0/zlib-1.2.11-kpj7ph/lib -Wl,-rpath,/appl/spack/v017/install-tree////////////////////////////////////gcc-8.5.0/zstd-1.5.0-x7sflo/lib -static-libstdc++ -static-libgcc'
Thread model: posix
Supported LTO compression algorithms: zlib zstd
gcc version 11.2.0 (Spack GCC) 
COLLECT_GCC_OPTIONS='-fopenmp' '-v' '-o' 'CMakeFiles/cmTC_b55eb.dir/OpenMPTryFlag.cpp.o' '-c' '-shared-libgcc' '-mtune=generic' '-march=x86-64' '-pthread' '-dumpdir' 'CMakeFiles/cmTC_b55eb.dir/'
 /appl/spack/v017/install-tree/gcc-8.5.0/gcc-11.2.0-zshp2k/bin/../libexec/gcc/x86_64-pc-linux-gnu/11.2.0/cc1plus -quiet -v -iprefix /appl/spack/v017/install-tree/gcc-8.5.0/gcc-11.2.0-zshp2k/bin/../lib/gcc/x86_64-pc-linux-gnu/11.2.0/ -D_GNU_SOURCE -D_REENTRANT /users/dewiy/soma-collector/examples/lulesh-split/build/CMakeFiles/FindOpenMP/OpenMPTryFlag.cpp -quiet -dumpdir CMakeFiles/cmTC_b55eb.dir/ -dumpbase OpenMPTryFlag.cpp.cpp -dumpbase-ext .cpp -mtune=generic -march=x86-64 -version -fopenmp -o /local_scratch/dewiy/cca2CJWR.s
GNU C++17 (Spack GCC) version 11.2.0 (x86_64-pc-linux-gnu)
	compiled by GNU C version 8.5.0 20210514 (Red Hat 8.5.0-4), GMP version 6.2.1, MPFR version 4.1.0, MPC version 1.1.0, isl version isl-0.21-GMP

GGC heuristics: --param ggc-min-expand=100 --param ggc-min-heapsize=131072
ignoring nonexistent directory "/appl/spack/v017/install-tree/gcc-8.5.0/gcc-11.2.0-zshp2k/bin/../lib/gcc/x86_64-pc-linux-gnu/11.2.0/../../../../x86_64-pc-linux-gnu/include"
ignoring duplicate directory "/appl/spack/v017/install-tree/gcc-8.5.0/gcc-11.2.0-zshp2k/bin/../lib/gcc/../../lib/gcc/x86_64-pc-linux-gnu/11.2.0/../../../../include/c++/11.2.0"
ignoring duplicate directory "/appl/spack/v017/install-tree/gcc-8.5.0/gcc-11.2.0-zshp2k/bin/../lib/gcc/../../lib/gcc/x86_64-pc-linux-gnu/11.2.0/../../../../include/c++/11.2.0/x86_64-pc-linux-gnu"
ignoring duplicate directory "/appl/spack/v017/install-tree/gcc-8.5.0/gcc-11.2.0-zshp2k/bin/../lib/gcc/../../lib/gcc/x86_64-pc-linux-gnu/11.2.0/../../../../include/c++/11.2.0/backward"
ignoring duplicate directory "/appl/spack/v017/install-tree/gcc-8.5.0/gcc-11.2.0-zshp2k/bin/../lib/gcc/../../lib/gcc/x86_64-pc-linux-gnu/11.2.0/include"
ignoring duplicate directory "/appl/spack/v017/install-tree/gcc-8.5.0/gcc-11.2.0-zshp2k/bin/../lib/gcc/../../lib/gcc/x86_64-pc-linux-gnu/11.2.0/include-fixed"
ignoring nonexistent directory "/appl/spack/v017/install-tree/gcc-8.5.0/gcc-11.2.0-zshp2k/bin/../lib/gcc/../../lib/gcc/x86_64-pc-linux-gnu/11.2.0/../../../../x86_64-pc-linux-gnu/include"
ignoring duplicate directory "/appl/spack/v017/install-tree/gcc-8.5.0/gcc-11.2.0-zshp2k/include"
  as it is a non-system directory that duplicates a system directory
#include "..." search starts here:
#include <...> search starts here:
 /appl/spack/v017/install-tree/gcc-11.2.0/openblas-0.3.18-eb6g7n/include
 /appl/spack/v017/install-tree/gcc-11.2.0/openmpi-4.1.2-h6c3ze/include
 /appl/spack/v017/install-tree/gcc-8.5.0/gcc-11.2.0-zshp2k/bin/../lib/gcc/x86_64-pc-linux-gnu/11.2.0/../../../../include/c++/11.2.0
 /appl/spack/v017/install-tree/gcc-8.5.0/gcc-11.2.0-zshp2k/bin/../lib/gcc/x86_64-pc-linux-gnu/11.2.0/../../../../include/c++/11.2.0/x86_64-pc-linux-gnu
 /appl/spack/v017/install-tree/gcc-8.5.0/gcc-11.2.0-zshp2k/bin/../lib/gcc/x86_64-pc-linux-gnu/11.2.0/../../../../include/c++/11.2.0/backward
 /appl/spack/v017/install-tree/gcc-8.5.0/gcc-11.2.0-zshp2k/bin/../lib/gcc/x86_64-pc-linux-gnu/11.2.0/include
 /appl/spack/v017/install-tree/gcc-8.5.0/gcc-11.2.0-zshp2k/bin/../lib/gcc/x86_64-pc-linux-gnu/11.2.0/include-fixed
 /usr/local/include
 /appl/spack/v017/install-tree/gcc-8.5.0/gcc-11.2.0-zshp2k/bin/../lib/gcc/../../include
 /usr/include
End of search list.
GNU C++17 (Spack GCC) version 11.2.0 (x86_64-pc-linux-gnu)
	compiled by GNU C version 8.5.0 20210514 (Red Hat 8.5.0-4), GMP version 6.2.1, MPFR version 4.1.0, MPC version 1.1.0, isl version isl-0.21-GMP

GGC heuristics: --param ggc-min-expand=100 --param ggc-min-heapsize=131072
Compiler executable checksum: ad45225c21a7f1ebd3aad622bea1d16b
COLLECT_GCC_OPTIONS='-fopenmp' '-v' '-o' 'CMakeFiles/cmTC_b55eb.dir/OpenMPTryFlag.cpp.o' '-c' '-shared-libgcc' '-mtune=generic' '-march=x86-64' '-pthread' '-dumpdir' 'CMakeFiles/cmTC_b55eb.dir/'
 /appl/spack/v017/install-tree////////////////////////////////////gcc-8.5.0/binutils-2.37-ed6z3n/bin/as -v --64 -o CMakeFiles/cmTC_b55eb.dir/OpenMPTryFlag.cpp.o /local_scratch/dewiy/cca2CJWR.s
GNU assembler version 2.37 (x86_64-pc-linux-gnu) using BFD version (GNU Binutils) 2.37
COMPILER_PATH=/appl/spack/v017/install-tree/gcc-8.5.0/gcc-11.2.0-zshp2k/bin/../libexec/gcc/x86_64-pc-linux-gnu/11.2.0/:/appl/spack/v017/install-tree/gcc-8.5.0/gcc-11.2.0-zshp2k/bin/../libexec/gcc/
LIBRARY_PATH=/appl/spack/v017/install-tree/gcc-8.5.0/gcc-11.2.0-zshp2k/bin/../lib/gcc/x86_64-pc-linux-gnu/11.2.0/:/appl/spack/v017/install-tree/gcc-8.5.0/gcc-11.2.0-zshp2k/bin/../lib/gcc/:/appl/spack/v017/install-tree/gcc-8.5.0/gcc-11.2.0-zshp2k/lib64/../lib64/:/appl/spack/v017/install-tree/gcc-8.5.0/gcc-11.2.0-zshp2k/lib/../lib64/:/appl/spack/v017/install-tree/gcc-8.5.0/gcc-11.2.0-zshp2k/bin/../lib/gcc/x86_64-pc-linux-gnu/11.2.0/../../../../lib64/:/lib/../lib64/:/usr/lib/../lib64/:/appl/spack/v017/install-tree/gcc-11.2.0/openblas-0.3.18-eb6g7n/lib/:/appl/spack/v017/install-tree/gcc-11.2.0/openmpi-4.1.2-h6c3ze/lib/:/appl/spack/v017/install-tree/gcc-8.5.0/gcc-11.2.0-zshp2k/lib64/:/appl/spack/v017/install-tree/gcc-8.5.0/gcc-11.2.0-zshp2k/lib/:/appl/spack/v017/install-tree/gcc-8.5.0/gcc-11.2.0-zshp2k/bin/../lib/gcc/x86_64-pc-linux-gnu/11.2.0/../../../:/lib/:/usr/lib/
COLLECT_GCC_OPTIONS='-fopenmp' '-v' '-o' 'CMakeFiles/cmTC_b55eb.dir/OpenMPTryFlag.cpp.o' '-c' '-shared-libgcc' '-mtune=generic' '-march=x86-64' '-pthread' '-dumpdir' 'CMakeFiles/cmTC_b55eb.dir/OpenMPTryFlag.cpp.'
Linking CXX executable cmTC_b55eb
/usr/bin/cmake -E cmake_link_script CMakeFiles/cmTC_b55eb.dir/link.txt --verbose=1
/appl/spack/v017/install-tree/gcc-8.5.0/gcc-11.2.0-zshp2k/bin/g++  -fopenmp -v -rdynamic CMakeFiles/cmTC_b55eb.dir/OpenMPTryFlag.cpp.o -o cmTC_b55eb  -v 
Reading specs from /appl/spack/v017/install-tree/gcc-8.5.0/gcc-11.2.0-zshp2k/bin/../lib/gcc/x86_64-pc-linux-gnu/11.2.0/specs
COLLECT_GCC=/appl/spack/v017/install-tree/gcc-8.5.0/gcc-11.2.0-zshp2k/bin/g++
COLLECT_LTO_WRAPPER=/appl/spack/v017/install-tree/gcc-8.5.0/gcc-11.2.0-zshp2k/bin/../libexec/gcc/x86_64-pc-linux-gnu/11.2.0/lto-wrapper
Target: x86_64-pc-linux-gnu
Configured with: /local_scratch/build/spack-stage/ilvonens/spack-stage-gcc-11.2.0-zshp2ky5cbsonav6wkzaf5ynydi74k63/spack-src/configure --prefix=/appl/spack/v017/install-tree/gcc-8.5.0/gcc-11.2.0-zshp2k/////////////////////////////////// --with-pkgversion='Spack GCC' --with-bugurl=https://github.com/spack/spack/issues --disable-multilib --enable-languages=c,c++,fortran,jit --disable-nls --with-system-zlib --with-zstd-include=/appl/spack/v017/install-tree////////////////////////////////////gcc-8.5.0/zstd-1.5.0-x7sflo/include --with-zstd-lib=/appl/spack/v017/install-tree////////////////////////////////////gcc-8.5.0/zstd-1.5.0-x7sflo/lib --enable-host-shared --with-gnu-ld --with-ld=/appl/spack/v017/install-tree////////////////////////////////////gcc-8.5.0/binutils-2.37-ed6z3n/bin/ld --with-gnu-as --with-as=/appl/spack/v017/install-tree////////////////////////////////////gcc-8.5.0/binutils-2.37-ed6z3n/bin/as --disable-bootstrap --with-mpfr-include=/appl/spack/v017/install-tree////////////////////////////////////gcc-8.5.0/mpfr-4.1.0-xndjlr/include --with-mpfr-lib=/appl/spack/v017/install-tree////////////////////////////////////gcc-8.5.0/mpfr-4.1.0-xndjlr/lib --with-gmp-include=/appl/spack/v017/install-tree////////////////////////////////////gcc-8.5.0/gmp-6.2.1-ghqnwm/include --with-gmp-lib=/appl/spack/v017/install-tree////////////////////////////////////gcc-8.5.0/gmp-6.2.1-ghqnwm/lib --with-mpc-include=/appl/spack/v017/install-tree////////////////////////////////////gcc-8.5.0/mpc-1.1.0-rqcddw/include --with-mpc-lib=/appl/spack/v017/install-tree////////////////////////////////////gcc-8.5.0/mpc-1.1.0-rqcddw/lib --with-isl-include=/appl/spack/v017/install-tree////////////////////////////////////gcc-8.5.0/isl-0.21-4fz2am/include --with-isl-lib=/appl/spack/v017/install-tree////////////////////////////////////gcc-8.5.0/isl-0.21-4fz2am/lib --with-stage1-ldflags='-Wl,-rpath,/appl/spack/v017/install-tree/gcc-8.5.0/gcc-11.2.0-zshp2k////////////////////////////////////lib -Wl,-rpath,/appl/spack/v017/install-tree/gcc-8.5.0/gcc-11.2.0-zshp2k////////////////////////////////////lib64 -Wl,-rpath,/appl/spack/v017/install-tree////////////////////////////////////gcc-8.5.0/binutils-2.37-ed6z3n/lib -Wl,-rpath,/appl/spack/v017/install-tree////////////////////////////////////gcc-8.5.0/gmp-6.2.1-ghqnwm/lib -Wl,-rpath,/appl/spack/v017/install-tree////////////////////////////////////gcc-8.5.0/isl-0.21-4fz2am/lib -Wl,-rpath,/appl/spack/v017/install-tree////////////////////////////////////gcc-8.5.0/mpc-1.1.0-rqcddw/lib -Wl,-rpath,/appl/spack/v017/install-tree////////////////////////////////////gcc-8.5.0/mpfr-4.1.0-xndjlr/lib -Wl,-rpath,/appl/spack/v017/install-tree////////////////////////////////////gcc-8.5.0/zlib-1.2.11-kpj7ph/lib -Wl,-rpath,/appl/spack/v017/install-tree////////////////////////////////////gcc-8.5.0/zstd-1.5.0-x7sflo/lib' --with-boot-ldflags='-Wl,-rpath,/appl/spack/v017/install-tree/gcc-8.5.0/gcc-11.2.0-zshp2k////////////////////////////////////lib -Wl,-rpath,/appl/spack/v017/install-tree/gcc-8.5.0/gcc-11.2.0-zshp2k////////////////////////////////////lib64 -Wl,-rpath,/appl/spack/v017/install-tree////////////////////////////////////gcc-8.5.0/binutils-2.37-ed6z3n/lib -Wl,-rpath,/appl/spack/v017/install-tree////////////////////////////////////gcc-8.5.0/gmp-6.2.1-ghqnwm/lib -Wl,-rpath,/appl/spack/v017/install-tree////////////////////////////////////gcc-8.5.0/isl-0.21-4fz2am/lib -Wl,-rpath,/appl/spack/v017/install-tree////////////////////////////////////gcc-8.5.0/mpc-1.1.0-rqcddw/lib -Wl,-rpath,/appl/spack/v017/install-tree////////////////////////////////////gcc-8.5.0/mpfr-4.1.0-xndjlr/lib -Wl,-rpath,/appl/spack/v017/install-tree////////////////////////////////////gcc-8.5.0/zlib-1.2.11-kpj7ph/lib -Wl,-rpath,/appl/spack/v017/install-tree////////////////////////////////////gcc-8.5.0/zstd-1.5.0-x7sflo/lib -static-libstdc++ -static-libgcc'
Thread model: posix
Supported LTO compression algorithms: zlib zstd
gcc version 11.2.0 (Spack GCC) 
COMPILER_PATH=/appl/spack/v017/install-tree/gcc-8.5.0/gcc-11.2.0-zshp2k/bin/../libexec/gcc/x86_64-pc-linux-gnu/11.2.0/:/appl/spack/v017/install-tree/gcc-8.5.0/gcc-11.2.0-zshp2k/bin/../libexec/gcc/
LIBRARY_PATH=/appl/spack/v017/install-tree/gcc-8.5.0/gcc-11.2.0-zshp2k/bin/../lib/gcc/x86_64-pc-linux-gnu/11.2.0/:/appl/spack/v017/install-tree/gcc-8.5.0/gcc-11.2.0-zshp2k/bin/../lib/gcc/:/appl/spack/v017/install-tree/gcc-8.5.0/gcc-11.2.0-zshp2k/lib64/../lib64/:/appl/spack/v017/install-tree/gcc-8.5.0/gcc-11.2.0-zshp2k/lib/../lib64/:/appl/spack/v017/install-tree/gcc-8.5.0/gcc-11.2.0-zshp2k/bin/../lib/gcc/x86_64-pc-linux-gnu/11.2.0/../../../../lib64/:/lib/../lib64/:/usr/lib/../lib64/:/appl/spack/v017/install-tree/gcc-11.2.0/openblas-0.3.18-eb6g7n/lib/:/appl/spack/v017/install-tree/gcc-11.2.0/openmpi-4.1.2-h6c3ze/lib/:/appl/spack/v017/install-tree/gcc-8.5.0/gcc-11.2.0-zshp2k/lib64/:/appl/spack/v017/install-tree/gcc-8.5.0/gcc-11.2.0-zshp2k/lib/:/appl/spack/v017/install-tree/gcc-8.5.0/gcc-11.2.0-zshp2k/bin/../lib/gcc/x86_64-pc-linux-gnu/11.2.0/../../../:/lib/:/usr/lib/
Reading specs from /appl/spack/v017/install-tree/gcc-8.5.0/gcc-11.2.0-zshp2k/lib64/../lib64/libgomp.spec
COLLECT_GCC_OPTIONS='-fopenmp' '-v' '-rdynamic' '-o' 'cmTC_b55eb' '-v' '-shared-libgcc' '-mtune=generic' '-march=x86-64' '-pthread' '-dumpdir' 'cmTC_b55eb.'
 /appl/spack/v017/install-tree/gcc-8.5.0/gcc-11.2.0-zshp2k/bin/../libexec/gcc/x86_64-pc-linux-gnu/11.2.0/collect2 -plugin /appl/spack/v017/install-tree/gcc-8.5.0/gcc-11.2.0-zshp2k/bin/../libexec/gcc/x86_64-pc-linux-gnu/11.2.0/liblto_plugin.so -plugin-opt=/appl/spack/v017/install-tree/gcc-8.5.0/gcc-11.2.0-zshp2k/bin/../libexec/gcc/x86_64-pc-linux-gnu/11.2.0/lto-wrapper -plugin-opt=-fresolution=/local_scratch/dewiy/ccNI5q8m.res -plugin-opt=-pass-through=-lgcc_s -plugin-opt=-pass-through=-lgcc -plugin-opt=-pass-through=-lpthread -plugin-opt=-pass-through=-lc -plugin-opt=-pass-through=-lgcc_s -plugin-opt=-pass-through=-lgcc --eh-frame-hdr -m elf_x86_64 -export-dynamic -dynamic-linker /lib64/ld-linux-x86-64.so.2 -o cmTC_b55eb /lib/../lib64/crt1.o /lib/../lib64/crti.o /appl/spack/v017/install-tree/gcc-8.5.0/gcc-11.2.0-zshp2k/bin/../lib/gcc/x86_64-pc-linux-gnu/11.2.0/crtbegin.o -rpath /appl/spack/v017/install-tree/gcc-8.5.0/gcc-11.2.0-zshp2k/lib:/appl/spack/v017/install-tree/gcc-8.5.0/gcc-11.2.0-zshp2k/lib64 -L/appl/spack/v017/install-tree/gcc-8.5.0/gcc-11.2.0-zshp2k/bin/../lib/gcc/x86_64-pc-linux-gnu/11.2.0 -L/appl/spack/v017/install-tree/gcc-8.5.0/gcc-11.2.0-zshp2k/bin/../lib/gcc -L/appl/spack/v017/install-tree/gcc-8.5.0/gcc-11.2.0-zshp2k/lib64/../lib64 -L/appl/spack/v017/install-tree/gcc-8.5.0/gcc-11.2.0-zshp2k/lib/../lib64 -L/appl/spack/v017/install-tree/gcc-8.5.0/gcc-11.2.0-zshp2k/bin/../lib/gcc/x86_64-pc-linux-gnu/11.2.0/../../../../lib64 -L/lib/../lib64 -L/usr/lib/../lib64 -L/appl/spack/v017/install-tree/gcc-11.2.0/openblas-0.3.18-eb6g7n/lib -L/appl/spack/v017/install-tree/gcc-11.2.0/openmpi-4.1.2-h6c3ze/lib -L/appl/spack/v017/install-tree/gcc-8.5.0/gcc-11.2.0-zshp2k/lib64 -L/appl/spack/v017/install-tree/gcc-8.5.0/gcc-11.2.0-zshp2k/lib -L/appl/spack/v017/install-tree/gcc-8.5.0/gcc-11.2.0-zshp2k/bin/../lib/gcc/x86_64-pc-linux-gnu/11.2.0/../../.. CMakeFiles/cmTC_b55eb.dir/OpenMPTryFlag.cpp.o -lstdc++ -lm -lgomp -lgcc_s -lgcc -lpthread -lc -lgcc_s -lgcc /appl/spack/v017/install-tree/gcc-8.5.0/gcc-11.2.0-zshp2k/bin/../lib/gcc/x86_64-pc-linux-gnu/11.2.0/crtend.o /lib/../lib64/crtn.o
COLLECT_GCC_OPTIONS='-fopenmp' '-v' '-rdynamic' '-o' 'cmTC_b55eb' '-v' '-shared-libgcc' '-mtune=generic' '-march=x86-64' '-pthread' '-dumpdir' 'cmTC_b55eb.'
gmake[1]: Leaving directory '/users/dewiy/soma-collector/examples/lulesh-split/build/CMakeFiles/CMakeTmp'



Parsed CXX OpenMP implicit link information from above output:
  link line regex: [^( *|.*[/\])(ld|CMAKE_LINK_STARTFILE-NOTFOUND|([^/\]+-)?ld|collect2)[^/\]*( |$)]
  ignore line: [Change Dir: /users/dewiy/soma-collector/examples/lulesh-split/build/CMakeFiles/CMakeTmp]
  ignore line: []
  ignore line: [Run Build Command(s):/usr/bin/gmake -f Makefile cmTC_b55eb/fast && /usr/bin/gmake  -f CMakeFiles/cmTC_b55eb.dir/build.make CMakeFiles/cmTC_b55eb.dir/build]
  ignore line: [gmake[1]: Entering directory '/users/dewiy/soma-collector/examples/lulesh-split/build/CMakeFiles/CMakeTmp']
  ignore line: [Building CXX object CMakeFiles/cmTC_b55eb.dir/OpenMPTryFlag.cpp.o]
  ignore line: [/appl/spack/v017/install-tree/gcc-8.5.0/gcc-11.2.0-zshp2k/bin/g++   -fopenmp -v -o CMakeFiles/cmTC_b55eb.dir/OpenMPTryFlag.cpp.o -c /users/dewiy/soma-collector/examples/lulesh-split/build/CMakeFiles/FindOpenMP/OpenMPTryFlag.cpp]
  ignore line: [Reading specs from /appl/spack/v017/install-tree/gcc-8.5.0/gcc-11.2.0-zshp2k/bin/../lib/gcc/x86_64-pc-linux-gnu/11.2.0/specs]
  ignore line: [COLLECT_GCC=/appl/spack/v017/install-tree/gcc-8.5.0/gcc-11.2.0-zshp2k/bin/g++]
  ignore line: [Target: x86_64-pc-linux-gnu]
  ignore line: [Configured with: /local_scratch/build/spack-stage/ilvonens/spack-stage-gcc-11.2.0-zshp2ky5cbsonav6wkzaf5ynydi74k63/spack-src/configure --prefix=/appl/spack/v017/install-tree/gcc-8.5.0/gcc-11.2.0-zshp2k/////////////////////////////////// --with-pkgversion='Spack GCC' --with-bugurl=https://github.com/spack/spack/issues --disable-multilib --enable-languages=c,c++,fortran,jit --disable-nls --with-system-zlib --with-zstd-include=/appl/spack/v017/install-tree////////////////////////////////////gcc-8.5.0/zstd-1.5.0-x7sflo/include --with-zstd-lib=/appl/spack/v017/install-tree////////////////////////////////////gcc-8.5.0/zstd-1.5.0-x7sflo/lib --enable-host-shared --with-gnu-ld --with-ld=/appl/spack/v017/install-tree////////////////////////////////////gcc-8.5.0/binutils-2.37-ed6z3n/bin/ld --with-gnu-as --with-as=/appl/spack/v017/install-tree////////////////////////////////////gcc-8.5.0/binutils-2.37-ed6z3n/bin/as --disable-bootstrap --with-mpfr-include=/appl/spack/v017/install-tree////////////////////////////////////gcc-8.5.0/mpfr-4.1.0-xndjlr/include --with-mpfr-lib=/appl/spack/v017/install-tree////////////////////////////////////gcc-8.5.0/mpfr-4.1.0-xndjlr/lib --with-gmp-include=/appl/spack/v017/install-tree////////////////////////////////////gcc-8.5.0/gmp-6.2.1-ghqnwm/include --with-gmp-lib=/appl/spack/v017/install-tree////////////////////////////////////gcc-8.5.0/gmp-6.2.1-ghqnwm/lib --with-mpc-include=/appl/spack/v017/install-tree////////////////////////////////////gcc-8.5.0/mpc-1.1.0-rqcddw/include --with-mpc-lib=/appl/spack/v017/install-tree////////////////////////////////////gcc-8.5.0/mpc-1.1.0-rqcddw/lib --with-isl-include=/appl/spack/v017/install-tree////////////////////////////////////gcc-8.5.0/isl-0.21-4fz2am/include --with-isl-lib=/appl/spack/v017/install-tree////////////////////////////////////gcc-8.5.0/isl-0.21-4fz2am/lib --with-stage1-ldflags='-Wl,-rpath,/appl/spack/v017/install-tree/gcc-8.5.0/gcc-11.2.0-zshp2k////////////////////////////////////lib -Wl,-rpath,/appl/spack/v017/install-tree/gcc-8.5.0/gcc-11.2.0-zshp2k////////////////////////////////////lib64 -Wl,-rpath,/appl/spack/v017/install-tree////////////////////////////////////gcc-8.5.0/binutils-2.37-ed6z3n/lib -Wl,-rpath,/appl/spack/v017/install-tree////////////////////////////////////gcc-8.5.0/gmp-6.2.1-ghqnwm/lib -Wl,-rpath,/appl/spack/v017/install-tree////////////////////////////////////gcc-8.5.0/isl-0.21-4fz2am/lib -Wl,-rpath,/appl/spack/v017/install-tree////////////////////////////////////gcc-8.5.0/mpc-1.1.0-rqcddw/lib -Wl,-rpath,/appl/spack/v017/install-tree////////////////////////////////////gcc-8.5.0/mpfr-4.1.0-xndjlr/lib -Wl,-rpath,/appl/spack/v017/install-tree////////////////////////////////////gcc-8.5.0/zlib-1.2.11-kpj7ph/lib -Wl,-rpath,/appl/spack/v017/install-tree////////////////////////////////////gcc-8.5.0/zstd-1.5.0-x7sflo/lib' --with-boot-ldflags='-Wl,-rpath,/appl/spack/v017/install-tree/gcc-8.5.0/gcc-11.2.0-zshp2k////////////////////////////////////lib -Wl,-rpath,/appl/spack/v017/install-tree/gcc-8.5.0/gcc-11.2.0-zshp2k////////////////////////////////////lib64 -Wl,-rpath,/appl/spack/v017/install-tree////////////////////////////////////gcc-8.5.0/binutils-2.37-ed6z3n/lib -Wl,-rpath,/appl/spack/v017/install-tree////////////////////////////////////gcc-8.5.0/gmp-6.2.1-ghqnwm/lib -Wl,-rpath,/appl/spack/v017/install-tree////////////////////////////////////gcc-8.5.0/isl-0.21-4fz2am/lib -Wl,-rpath,/appl/spack/v017/install-tree////////////////////////////////////gcc-8.5.0/mpc-1.1.0-rqcddw/lib -Wl,-rpath,/appl/spack/v017/install-tree////////////////////////////////////gcc-8.5.0/mpfr-4.1.0-xndjlr/lib -Wl,-rpath,/appl/spack/v017/install-tree////////////////////////////////////gcc-8.5.0/zlib-1.2.11-kpj7ph/lib -Wl,-rpath,/appl/spack/v017/install-tree////////////////////////////////////gcc-8.5.0/zstd-1.5.0-x7sflo/lib -static-libstdc++ -static-libgcc']
  ignore line: [Thread model: posix]
  ignore line: [Supported LTO compression algorithms: zlib zstd]
  ignore line: [gcc version 11.2.0 (Spack GCC) ]
  ignore line: [COLLECT_GCC_OPTIONS='-fopenmp' '-v' '-o' 'CMakeFiles/cmTC_b55eb.dir/OpenMPTryFlag.cpp.o' '-c' '-shared-libgcc' '-mtune=generic' '-march=x86-64' '-pthread' '-dumpdir' 'CMakeFiles/cmTC_b55eb.dir/']
  ignore line: [ /appl/spack/v017/install-tree/gcc-8.5.0/gcc-11.2.0-zshp2k/bin/../libexec/gcc/x86_64-pc-linux-gnu/11.2.0/cc1plus -quiet -v -iprefix /appl/spack/v017/install-tree/gcc-8.5.0/gcc-11.2.0-zshp2k/bin/../lib/gcc/x86_64-pc-linux-gnu/11.2.0/ -D_GNU_SOURCE -D_REENTRANT /users/dewiy/soma-collector/examples/lulesh-split/build/CMakeFiles/FindOpenMP/OpenMPTryFlag.cpp -quiet -dumpdir CMakeFiles/cmTC_b55eb.dir/ -dumpbase OpenMPTryFlag.cpp.cpp -dumpbase-ext .cpp -mtune=generic -march=x86-64 -version -fopenmp -o /local_scratch/dewiy/cca2CJWR.s]
  ignore line: [GNU C++17 (Spack GCC) version 11.2.0 (x86_64-pc-linux-gnu)]
  ignore line: [	compiled by GNU C version 8.5.0 20210514 (Red Hat 8.5.0-4)  GMP version 6.2.1  MPFR version 4.1.0  MPC version 1.1.0  isl version isl-0.21-GMP]
  ignore line: []
  ignore line: [GGC heuristics: --param ggc-min-expand=100 --param ggc-min-heapsize=131072]
  ignore line: [ignoring nonexistent directory "/appl/spack/v017/install-tree/gcc-8.5.0/gcc-11.2.0-zshp2k/bin/../lib/gcc/x86_64-pc-linux-gnu/11.2.0/../../../../x86_64-pc-linux-gnu/include"]
  ignore line: [ignoring duplicate directory "/appl/spack/v017/install-tree/gcc-8.5.0/gcc-11.2.0-zshp2k/bin/../lib/gcc/../../lib/gcc/x86_64-pc-linux-gnu/11.2.0/../../../../include/c++/11.2.0"]
  ignore line: [ignoring duplicate directory "/appl/spack/v017/install-tree/gcc-8.5.0/gcc-11.2.0-zshp2k/bin/../lib/gcc/../../lib/gcc/x86_64-pc-linux-gnu/11.2.0/../../../../include/c++/11.2.0/x86_64-pc-linux-gnu"]
  ignore line: [ignoring duplicate directory "/appl/spack/v017/install-tree/gcc-8.5.0/gcc-11.2.0-zshp2k/bin/../lib/gcc/../../lib/gcc/x86_64-pc-linux-gnu/11.2.0/../../../../include/c++/11.2.0/backward"]
  ignore line: [ignoring duplicate directory "/appl/spack/v017/install-tree/gcc-8.5.0/gcc-11.2.0-zshp2k/bin/../lib/gcc/../../lib/gcc/x86_64-pc-linux-gnu/11.2.0/include"]
  ignore line: [ignoring duplicate directory "/appl/spack/v017/install-tree/gcc-8.5.0/gcc-11.2.0-zshp2k/bin/../lib/gcc/../../lib/gcc/x86_64-pc-linux-gnu/11.2.0/include-fixed"]
  ignore line: [ignoring nonexistent directory "/appl/spack/v017/install-tree/gcc-8.5.0/gcc-11.2.0-zshp2k/bin/../lib/gcc/../../lib/gcc/x86_64-pc-linux-gnu/11.2.0/../../../../x86_64-pc-linux-gnu/include"]
  ignore line: [ignoring duplicate directory "/appl/spack/v017/install-tree/gcc-8.5.0/gcc-11.2.0-zshp2k/include"]
  ignore line: [  as it is a non-system directory that duplicates a system directory]
  ignore line: [#include "..." search starts here:]
  ignore line: [#include <...> search starts here:]
  ignore line: [ /appl/spack/v017/install-tree/gcc-11.2.0/openblas-0.3.18-eb6g7n/include]
  ignore line: [ /appl/spack/v017/install-tree/gcc-11.2.0/openmpi-4.1.2-h6c3ze/include]
  ignore line: [ /appl/spack/v017/install-tree/gcc-8.5.0/gcc-11.2.0-zshp2k/bin/../lib/gcc/x86_64-pc-linux-gnu/11.2.0/../../../../include/c++/11.2.0]
  ignore line: [ /appl/spack/v017/install-tree/gcc-8.5.0/gcc-11.2.0-zshp2k/bin/../lib/gcc/x86_64-pc-linux-gnu/11.2.0/../../../../include/c++/11.2.0/x86_64-pc-linux-gnu]
  ignore line: [ /appl/spack/v017/install-tree/gcc-8.5.0/gcc-11.2.0-zshp2k/bin/../lib/gcc/x86_64-pc-linux-gnu/11.2.0/../../../../include/c++/11.2.0/backward]
  ignore line: [ /appl/spack/v017/install-tree/gcc-8.5.0/gcc-11.2.0-zshp2k/bin/../lib/gcc/x86_64-pc-linux-gnu/11.2.0/include]
  ignore line: [ /appl/spack/v017/install-tree/gcc-8.5.0/gcc-11.2.0-zshp2k/bin/../lib/gcc/x86_64-pc-linux-gnu/11.2.0/include-fixed]
  ignore line: [ /usr/local/include]
  ignore line: [ /appl/spack/v017/install-tree/gcc-8.5.0/gcc-11.2.0-zshp2k/bin/../lib/gcc/../../include]
  ignore line: [ /usr/include]
  ignore line: [End of search list.]
  ignore line: [GNU C++17 (Spack GCC) version 11.2.0 (x86_64-pc-linux-gnu)]
  ignore line: [	compiled by GNU C version 8.5.0 20210514 (Red Hat 8.5.0-4)  GMP version 6.2.1  MPFR version 4.1.0  MPC version 1.1.0  isl version isl-0.21-GMP]
  ignore line: []
  ignore line: [GGC heuristics: --param ggc-min-expand=100 --param ggc-min-heapsize=131072]
  ignore line: [Compiler executable checksum: ad45225c21a7f1ebd3aad622bea1d16b]
  ignore line: [COLLECT_GCC_OPTIONS='-fopenmp' '-v' '-o' 'CMakeFiles/cmTC_b55eb.dir/OpenMPTryFlag.cpp.o' '-c' '-shared-libgcc' '-mtune=generic' '-march=x86-64' '-pthread' '-dumpdir' 'CMakeFiles/cmTC_b55eb.dir/']
  ignore line: [ /appl/spack/v017/install-tree////////////////////////////////////gcc-8.5.0/binutils-2.37-ed6z3n/bin/as -v --64 -o CMakeFiles/cmTC_b55eb.dir/OpenMPTryFlag.cpp.o /local_scratch/dewiy/cca2CJWR.s]
  ignore line: [GNU assembler version 2.37 (x86_64-pc-linux-gnu) using BFD version (GNU Binutils) 2.37]
  ignore line: [COMPILER_PATH=/appl/spack/v017/install-tree/gcc-8.5.0/gcc-11.2.0-zshp2k/bin/../libexec/gcc/x86_64-pc-linux-gnu/11.2.0/:/appl/spack/v017/install-tree/gcc-8.5.0/gcc-11.2.0-zshp2k/bin/../libexec/gcc/]
  ignore line: [LIBRARY_PATH=/appl/spack/v017/install-tree/gcc-8.5.0/gcc-11.2.0-zshp2k/bin/../lib/gcc/x86_64-pc-linux-gnu/11.2.0/:/appl/spack/v017/install-tree/gcc-8.5.0/gcc-11.2.0-zshp2k/bin/../lib/gcc/:/appl/spack/v017/install-tree/gcc-8.5.0/gcc-11.2.0-zshp2k/lib64/../lib64/:/appl/spack/v017/install-tree/gcc-8.5.0/gcc-11.2.0-zshp2k/lib/../lib64/:/appl/spack/v017/install-tree/gcc-8.5.0/gcc-11.2.0-zshp2k/bin/../lib/gcc/x86_64-pc-linux-gnu/11.2.0/../../../../lib64/:/lib/../lib64/:/usr/lib/../lib64/:/appl/spack/v017/install-tree/gcc-11.2.0/openblas-0.3.18-eb6g7n/lib/:/appl/spack/v017/install-tree/gcc-11.2.0/openmpi-4.1.2-h6c3ze/lib/:/appl/spack/v017/install-tree/gcc-8.5.0/gcc-11.2.0-zshp2k/lib64/:/appl/spack/v017/install-tree/gcc-8.5.0/gcc-11.2.0-zshp2k/lib/:/appl/spack/v017/install-tree/gcc-8.5.0/gcc-11.2.0-zshp2k/bin/../lib/gcc/x86_64-pc-linux-gnu/11.2.0/../../../:/lib/:/usr/lib/]
  ignore line: [COLLECT_GCC_OPTIONS='-fopenmp' '-v' '-o' 'CMakeFiles/cmTC_b55eb.dir/OpenMPTryFlag.cpp.o' '-c' '-shared-libgcc' '-mtune=generic' '-march=x86-64' '-pthread' '-dumpdir' 'CMakeFiles/cmTC_b55eb.dir/OpenMPTryFlag.cpp.']
  ignore line: [Linking CXX executable cmTC_b55eb]
  ignore line: [/usr/bin/cmake -E cmake_link_script CMakeFiles/cmTC_b55eb.dir/link.txt --verbose=1]
  ignore line: [/appl/spack/v017/install-tree/gcc-8.5.0/gcc-11.2.0-zshp2k/bin/g++  -fopenmp -v -rdynamic CMakeFiles/cmTC_b55eb.dir/OpenMPTryFlag.cpp.o -o cmTC_b55eb  -v ]
  ignore line: [Reading specs from /appl/spack/v017/install-tree/gcc-8.5.0/gcc-11.2.0-zshp2k/bin/../lib/gcc/x86_64-pc-linux-gnu/11.2.0/specs]
  ignore line: [COLLECT_GCC=/appl/spack/v017/install-tree/gcc-8.5.0/gcc-11.2.0-zshp2k/bin/g++]
  ignore line: [COLLECT_LTO_WRAPPER=/appl/spack/v017/install-tree/gcc-8.5.0/gcc-11.2.0-zshp2k/bin/../libexec/gcc/x86_64-pc-linux-gnu/11.2.0/lto-wrapper]
  ignore line: [Target: x86_64-pc-linux-gnu]
  ignore line: [Configured with: /local_scratch/build/spack-stage/ilvonens/spack-stage-gcc-11.2.0-zshp2ky5cbsonav6wkzaf5ynydi74k63/spack-src/configure --prefix=/appl/spack/v017/install-tree/gcc-8.5.0/gcc-11.2.0-zshp2k/////////////////////////////////// --with-pkgversion='Spack GCC' --with-bugurl=https://github.com/spack/spack/issues --disable-multilib --enable-languages=c,c++,fortran,jit --disable-nls --with-system-zlib --with-zstd-include=/appl/spack/v017/install-tree////////////////////////////////////gcc-8.5.0/zstd-1.5.0-x7sflo/include --with-zstd-lib=/appl/spack/v017/install-tree////////////////////////////////////gcc-8.5.0/zstd-1.5.0-x7sflo/lib --enable-host-shared --with-gnu-ld --with-ld=/appl/spack/v017/install-tree////////////////////////////////////gcc-8.5.0/binutils-2.37-ed6z3n/bin/ld --with-gnu-as --with-as=/appl/spack/v017/install-tree////////////////////////////////////gcc-8.5.0/binutils-2.37-ed6z3n/bin/as --disable-bootstrap --with-mpfr-include=/appl/spack/v017/install-tree////////////////////////////////////gcc-8.5.0/mpfr-4.1.0-xndjlr/include --with-mpfr-lib=/appl/spack/v017/install-tree////////////////////////////////////gcc-8.5.0/mpfr-4.1.0-xndjlr/lib --with-gmp-include=/appl/spack/v017/install-tree////////////////////////////////////gcc-8.5.0/gmp-6.2.1-ghqnwm/include --with-gmp-lib=/appl/spack/v017/install-tree////////////////////////////////////gcc-8.5.0/gmp-6.2.1-ghqnwm/lib --with-mpc-include=/appl/spack/v017/install-tree////////////////////////////////////gcc-8.5.0/mpc-1.1.0-rqcddw/include --with-mpc-lib=/appl/spack/v017/install-tree////////////////////////////////////gcc-8.5.0/mpc-1.1.0-rqcddw/lib --with-isl-include=/appl/spack/v017/install-tree////////////////////////////////////gcc-8.5.0/isl-0.21-4fz2am/include --with-isl-lib=/appl/spack/v017/install-tree////////////////////////////////////gcc-8.5.0/isl-0.21-4fz2am/lib --with-stage1-ldflags='-Wl,-rpath,/appl/spack/v017/install-tree/gcc-8.5.0/gcc-11.2.0-zshp2k////////////////////////////////////lib -Wl,-rpath,/appl/spack/v017/install-tree/gcc-8.5.0/gcc-11.2.0-zshp2k////////////////////////////////////lib64 -Wl,-rpath,/appl/spack/v017/install-tree////////////////////////////////////gcc-8.5.0/binutils-2.37-ed6z3n/lib -Wl,-rpath,/appl/spack/v017/install-tree////////////////////////////////////gcc-8.5.0/gmp-6.2.1-ghqnwm/lib -Wl,-rpath,/appl/spack/v017/install-tree////////////////////////////////////gcc-8.5.0/isl-0.21-4fz2am/lib -Wl,-rpath,/appl/spack/v017/install-tree////////////////////////////////////gcc-8.5.0/mpc-1.1.0-rqcddw/lib -Wl,-rpath,/appl/spack/v017/install-tree////////////////////////////////////gcc-8.5.0/mpfr-4.1.0-xndjlr/lib -Wl,-rpath,/appl/spack/v017/install-tree////////////////////////////////////gcc-8.5.0/zlib-1.2.11-kpj7ph/lib -Wl,-rpath,/appl/spack/v017/install-tree////////////////////////////////////gcc-8.5.0/zstd-1.5.0-x7sflo/lib' --with-boot-ldflags='-Wl,-rpath,/appl/spack/v017/install-tree/gcc-8.5.0/gcc-11.2.0-zshp2k////////////////////////////////////lib -Wl,-rpath,/appl/spack/v017/install-tree/gcc-8.5.0/gcc-11.2.0-zshp2k////////////////////////////////////lib64 -Wl,-rpath,/appl/spack/v017/install-tree////////////////////////////////////gcc-8.5.0/binutils-2.37-ed6z3n/lib -Wl,-rpath,/appl/spack/v017/install-tree////////////////////////////////////gcc-8.5.0/gmp-6.2.1-ghqnwm/lib -Wl,-rpath,/appl/spack/v017/install-tree////////////////////////////////////gcc-8.5.0/isl-0.21-4fz2am/lib -Wl,-rpath,/appl/spack/v017/install-tree////////////////////////////////////gcc-8.5.0/mpc-1.1.0-rqcddw/lib -Wl,-rpath,/appl/spack/v017/install-tree////////////////////////////////////gcc-8.5.0/mpfr-4.1.0-xndjlr/lib -Wl,-rpath,/appl/spack/v017/install-tree////////////////////////////////////gcc-8.5.0/zlib-1.2.11-kpj7ph/lib -Wl,-rpath,/appl/spack/v017/install-tree////////////////////////////////////gcc-8.5.0/zstd-1.5.0-x7sflo/lib -static-libstdc++ -static-libgcc']
  ignore line: [Thread model: posix]
  ignore line: [Supported LTO compression algorithms: zlib zstd]
  ignore line: [gcc version 11.2.0 (Spack GCC) ]
  ignore line: [COMPILER_PATH=/appl/spack/v017/install-tree/gcc-8.5.0/gcc-11.2.0-zshp2k/bin/../libexec/gcc/x86_64-pc-linux-gnu/11.2.0/:/appl/spack/v017/install-tree/gcc-8.5.0/gcc-11.2.0-zshp2k/bin/../libexec/gcc/]
  ignore line: [LIBRARY_PATH=/appl/spack/v017/install-tree/gcc-8.5.0/gcc-11.2.0-zshp2k/bin/../lib/gcc/x86_64-pc-linux-gnu/11.2.0/:/appl/spack/v017/install-tree/gcc-8.5.0/gcc-11.2.0-zshp2k/bin/../lib/gcc/:/appl/spack/v017/install-tree/gcc-8.5.0/gcc-11.2.0-zshp2k/lib64/../lib64/:/appl/spack/v017/install-tree/gcc-8.5.0/gcc-11.2.0-zshp2k/lib/../lib64/:/appl/spack/v017/install-tree/gcc-8.5.0/gcc-11.2.0-zshp2k/bin/../lib/gcc/x86_64-pc-linux-gnu/11.2.0/../../../../lib64/:/lib/../lib64/:/usr/lib/../lib64/:/appl/spack/v017/install-tree/gcc-11.2.0/openblas-0.3.18-eb6g7n/lib/:/appl/spack/v017/install-tree/gcc-11.2.0/openmpi-4.1.2-h6c3ze/lib/:/appl/spack/v017/install-tree/gcc-8.5.0/gcc-11.2.0-zshp2k/lib64/:/appl/spack/v017/install-tree/gcc-8.5.0/gcc-11.2.0-zshp2k/lib/:/appl/spack/v017/install-tree/gcc-8.5.0/gcc-11.2.0-zshp2k/bin/../lib/gcc/x86_64-pc-linux-gnu/11.2.0/../../../:/lib/:/usr/lib/]
  ignore line: [Reading specs from /appl/spack/v017/install-tree/gcc-8.5.0/gcc-11.2.0-zshp2k/lib64/../lib64/libgomp.spec]
  ignore line: [COLLECT_GCC_OPTIONS='-fopenmp' '-v' '-rdynamic' '-o' 'cmTC_b55eb' '-v' '-shared-libgcc' '-mtune=generic' '-march=x86-64' '-pthread' '-dumpdir' 'cmTC_b55eb.']
  link line: [ /appl/spack/v017/install-tree/gcc-8.5.0/gcc-11.2.0-zshp2k/bin/../libexec/gcc/x86_64-pc-linux-gnu/11.2.0/collect2 -plugin /appl/spack/v017/install-tree/gcc-8.5.0/gcc-11.2.0-zshp2k/bin/../libexec/gcc/x86_64-pc-linux-gnu/11.2.0/liblto_plugin.so -plugin-opt=/appl/spack/v017/install-tree/gcc-8.5.0/gcc-11.2.0-zshp2k/bin/../libexec/gcc/x86_64-pc-linux-gnu/11.2.0/lto-wrapper -plugin-opt=-fresolution=/local_scratch/dewiy/ccNI5q8m.res -plugin-opt=-pass-through=-lgcc_s -plugin-opt=-pass-through=-lgcc -plugin-opt=-pass-through=-lpthread -plugin-opt=-pass-through=-lc -plugin-opt=-pass-through=-lgcc_s -plugin-opt=-pass-through=-lgcc --eh-frame-hdr -m elf_x86_64 -export-dynamic -dynamic-linker /lib64/ld-linux-x86-64.so.2 -o cmTC_b55eb /lib/../lib64/crt1.o /lib/../lib64/crti.o /appl/spack/v017/install-tree/gcc-8.5.0/gcc-11.2.0-zshp2k/bin/../lib/gcc/x86_64-pc-linux-gnu/11.2.0/crtbegin.o -rpath /appl/spack/v017/install-tree/gcc-8.5.0/gcc-11.2.0-zshp2k/lib:/appl/spack/v017/install-tree/gcc-8.5.0/gcc-11.2.0-zshp2k/lib64 -L/appl/spack/v017/install-tree/gcc-8.5.0/gcc-11.2.0-zshp2k/bin/../lib/gcc/x86_64-pc-linux-gnu/11.2.0 -L/appl/spack/v017/install-tree/gcc-8.5.0/gcc-11.2.0-zshp2k/bin/../lib/gcc -L/appl/spack/v017/install-tree/gcc-8.5.0/gcc-11.2.0-zshp2k/lib64/../lib64 -L/appl/spack/v017/install-tree/gcc-8.5.0/gcc-11.2.0-zshp2k/lib/../lib64 -L/appl/spack/v017/install-tree/gcc-8.5.0/gcc-11.2.0-zshp2k/bin/../lib/gcc/x86_64-pc-linux-gnu/11.2.0/../../../../lib64 -L/lib/../lib64 -L/usr/lib/../lib64 -L/appl/spack/v017/install-tree/gcc-11.2.0/openblas-0.3.18-eb6g7n/lib -L/appl/spack/v017/install-tree/gcc-11.2.0/openmpi-4.1.2-h6c3ze/lib -L/appl/spack/v017/install-tree/gcc-8.5.0/gcc-11.2.0-zshp2k/lib64 -L/appl/spack/v017/install-tree/gcc-8.5.0/gcc-11.2.0-zshp2k/lib -L/appl/spack/v017/install-tree/gcc-8.5.0/gcc-11.2.0-zshp2k/bin/../lib/gcc/x86_64-pc-linux-gnu/11.2.0/../../.. CMakeFiles/cmTC_b55eb.dir/OpenMPTryFlag.cpp.o -lstdc++ -lm -lgomp -lgcc_s -lgcc -lpthread -lc -lgcc_s -lgcc /appl/spack/v017/install-tree/gcc-8.5.0/gcc-11.2.0-zshp2k/bin/../lib/gcc/x86_64-pc-linux-gnu/11.2.0/crtend.o /lib/../lib64/crtn.o]
    arg [/appl/spack/v017/install-tree/gcc-8.5.0/gcc-11.2.0-zshp2k/bin/../libexec/gcc/x86_64-pc-linux-gnu/11.2.0/collect2] ==> ignore
    arg [-plugin] ==> ignore
    arg [/appl/spack/v017/install-tree/gcc-8.5.0/gcc-11.2.0-zshp2k/bin/../libexec/gcc/x86_64-pc-linux-gnu/11.2.0/liblto_plugin.so] ==> ignore
    arg [-plugin-opt=/appl/spack/v017/install-tree/gcc-8.5.0/gcc-11.2.0-zshp2k/bin/../libexec/gcc/x86_64-pc-linux-gnu/11.2.0/lto-wrapper] ==> ignore
    arg [-plugin-opt=-fresolution=/local_scratch/dewiy/ccNI5q8m.res] ==> ignore
    arg [-plugin-opt=-pass-through=-lgcc_s] ==> ignore
    arg [-plugin-opt=-pass-through=-lgcc] ==> ignore
    arg [-plugin-opt=-pass-through=-lpthread] ==> ignore
    arg [-plugin-opt=-pass-through=-lc] ==> ignore
    arg [-plugin-opt=-pass-through=-lgcc_s] ==> ignore
    arg [-plugin-opt=-pass-through=-lgcc] ==> ignore
    arg [--eh-frame-hdr] ==> ignore
    arg [-m] ==> ignore
    arg [elf_x86_64] ==> ignore
    arg [-export-dynamic] ==> ignore
    arg [-dynamic-linker] ==> ignore
    arg [/lib64/ld-linux-x86-64.so.2] ==> ignore
    arg [-o] ==> ignore
    arg [cmTC_b55eb] ==> ignore
    arg [-rpath] ==> ignore
    arg [/appl/spack/v017/install-tree/gcc-8.5.0/gcc-11.2.0-zshp2k/lib:/appl/spack/v017/install-tree/gcc-8.5.0/gcc-11.2.0-zshp2k/lib64] ==> ignore
    arg [-L/appl/spack/v017/install-tree/gcc-8.5.0/gcc-11.2.0-zshp2k/bin/../lib/gcc/x86_64-pc-linux-gnu/11.2.0] ==> dir [/appl/spack/v017/install-tree/gcc-8.5.0/gcc-11.2.0-zshp2k/bin/../lib/gcc/x86_64-pc-linux-gnu/11.2.0]
    arg [-L/appl/spack/v017/install-tree/gcc-8.5.0/gcc-11.2.0-zshp2k/bin/../lib/gcc] ==> dir [/appl/spack/v017/install-tree/gcc-8.5.0/gcc-11.2.0-zshp2k/bin/../lib/gcc]
    arg [-L/appl/spack/v017/install-tree/gcc-8.5.0/gcc-11.2.0-zshp2k/lib64/../lib64] ==> dir [/appl/spack/v017/install-tree/gcc-8.5.0/gcc-11.2.0-zshp2k/lib64/../lib64]
    arg [-L/appl/spack/v017/install-tree/gcc-8.5.0/gcc-11.2.0-zshp2k/lib/../lib64] ==> dir [/appl/spack/v017/install-tree/gcc-8.5.0/gcc-11.2.0-zshp2k/lib/../lib64]
    arg [-L/appl/spack/v017/install-tree/gcc-8.5.0/gcc-11.2.0-zshp2k/bin/../lib/gcc/x86_64-pc-linux-gnu/11.2.0/../../../../lib64] ==> dir [/appl/spack/v017/install-tree/gcc-8.5.0/gcc-11.2.0-zshp2k/bin/../lib/gcc/x86_64-pc-linux-gnu/11.2.0/../../../../lib64]
    arg [-L/lib/../lib64] ==> dir [/lib/../lib64]
    arg [-L/usr/lib/../lib64] ==> dir [/usr/lib/../lib64]
    arg [-L/appl/spack/v017/install-tree/gcc-11.2.0/openblas-0.3.18-eb6g7n/lib] ==> dir [/appl/spack/v017/install-tree/gcc-11.2.0/openblas-0.3.18-eb6g7n/lib]
    arg [-L/appl/spack/v017/install-tree/gcc-11.2.0/openmpi-4.1.2-h6c3ze/lib] ==> dir [/appl/spack/v017/install-tree/gcc-11.2.0/openmpi-4.1.2-h6c3ze/lib]
    arg [-L/appl/spack/v017/install-tree/gcc-8.5.0/gcc-11.2.0-zshp2k/lib64] ==> dir [/appl/spack/v017/install-tree/gcc-8.5.0/gcc-11.2.0-zshp2k/lib64]
    arg [-L/appl/spack/v017/install-tree/gcc-8.5.0/gcc-11.2.0-zshp2k/lib] ==> dir [/appl/spack/v017/install-tree/gcc-8.5.0/gcc-11.2.0-zshp2k/lib]
    arg [-L/appl/spack/v017/install-tree/gcc-8.5.0/gcc-11.2.0-zshp2k/bin/../lib/gcc/x86_64-pc-linux-gnu/11.2.0/../../..] ==> dir [/appl/spack/v017/install-tree/gcc-8.5.0/gcc-11.2.0-zshp2k/bin/../lib/gcc/x86_64-pc-linux-gnu/11.2.0/../../..]
    arg [CMakeFiles/cmTC_b55eb.dir/OpenMPTryFlag.cpp.o] ==> ignore
    arg [-lstdc++] ==> lib [stdc++]
    arg [-lm] ==> lib [m]
    arg [-lgomp] ==> lib [gomp]
    arg [-lgcc_s] ==> lib [gcc_s]
    arg [-lgcc] ==> lib [gcc]
    arg [-lpthread] ==> lib [pthread]
    arg [-lc] ==> lib [c]
    arg [-lgcc_s] ==> lib [gcc_s]
    arg [-lgcc] ==> lib [gcc]
  collapse library dir [/appl/spack/v017/install-tree/gcc-8.5.0/gcc-11.2.0-zshp2k/bin/../lib/gcc/x86_64-pc-linux-gnu/11.2.0] ==> [/appl/spack/v017/install-tree/gcc-8.5.0/gcc-11.2.0-zshp2k/lib/gcc/x86_64-pc-linux-gnu/11.2.0]
  collapse library dir [/appl/spack/v017/install-tree/gcc-8.5.0/gcc-11.2.0-zshp2k/bin/../lib/gcc] ==> [/appl/spack/v017/install-tree/gcc-8.5.0/gcc-11.2.0-zshp2k/lib/gcc]
  collapse library dir [/appl/spack/v017/install-tree/gcc-8.5.0/gcc-11.2.0-zshp2k/lib64/../lib64] ==> [/appl/spack/v017/install-tree/gcc-8.5.0/gcc-11.2.0-zshp2k/lib64]
  collapse library dir [/appl/spack/v017/install-tree/gcc-8.5.0/gcc-11.2.0-zshp2k/lib/../lib64] ==> [/appl/spack/v017/install-tree/gcc-8.5.0/gcc-11.2.0-zshp2k/lib64]
  collapse library dir [/appl/spack/v017/install-tree/gcc-8.5.0/gcc-11.2.0-zshp2k/bin/../lib/gcc/x86_64-pc-linux-gnu/11.2.0/../../../../lib64] ==> [/appl/spack/v017/install-tree/gcc-8.5.0/gcc-11.2.0-zshp2k/lib64]
  collapse library dir [/lib/../lib64] ==> [/lib64]
  collapse library dir [/usr/lib/../lib64] ==> [/usr/lib64]
  collapse library dir [/appl/spack/v017/install-tree/gcc-11.2.0/openblas-0.3.18-eb6g7n/lib] ==> [/appl/spack/v017/install-tree/gcc-11.2.0/openblas-0.3.18-eb6g7n/lib]
  collapse library dir [/appl/spack/v017/install-tree/gcc-11.2.0/openmpi-4.1.2-h6c3ze/lib] ==> [/appl/spack/v017/install-tree/gcc-11.2.0/openmpi-4.1.2-h6c3ze/lib]
  collapse library dir [/appl/spack/v017/install-tree/gcc-8.5.0/gcc-11.2.0-zshp2k/lib64] ==> [/appl/spack/v017/install-tree/gcc-8.5.0/gcc-11.2.0-zshp2k/lib64]
  collapse library dir [/appl/spack/v017/install-tree/gcc-8.5.0/gcc-11.2.0-zshp2k/lib] ==> [/appl/spack/v017/install-tree/gcc-8.5.0/gcc-11.2.0-zshp2k/lib]
  collapse library dir [/appl/spack/v017/install-tree/gcc-8.5.0/gcc-11.2.0-zshp2k/bin/../lib/gcc/x86_64-pc-linux-gnu/11.2.0/../../..] ==> [/appl/spack/v017/install-tree/gcc-8.5.0/gcc-11.2.0-zshp2k/lib]
  implicit libs: [stdc++;m;gomp;gcc_s;gcc;pthread;c;gcc_s;gcc]
  implicit objs: []
  implicit dirs: [/appl/spack/v017/install-tree/gcc-8.5.0/gcc-11.2.0-zshp2k/lib/gcc/x86_64-pc-linux-gnu/11.2.0;/appl/spack/v017/install-tree/gcc-8.5.0/gcc-11.2.0-zshp2k/lib/gcc;/appl/spack/v017/install-tree/gcc-8.5.0/gcc-11.2.0-zshp2k/lib64;/lib64;/usr/lib64;/appl/spack/v017/install-tree/gcc-11.2.0/openblas-0.3.18-eb6g7n/lib;/appl/spack/v017/install-tree/gcc-11.2.0/openmpi-4.1.2-h6c3ze/lib;/appl/spack/v017/install-tree/gcc-8.5.0/gcc-11.2.0-zshp2k/lib]
  implicit fwks: []


